# JRE version: Java(TM) SE Runtime Environment (8.0_181-b13) (build 1.8.0_181-b13)
# Java VM: Java HotSpot(TM) 64-Bit Server VM (25.181-b13 mixed mode windows-amd64 compressed oops)
Heap:
 PSYoungGen      total 64512K, used 61901K [0x000000076b400000, 0x000000076fd00000, 0x00000007c0000000)
  eden space 61440K, 96% used [0x000000076b400000,0x000000076eddb648,0x000000076f000000)
  from space 3072K, 86% used [0x000000076f200000,0x000000076f498010,0x000000076f500000)
  to   space 6656K, 0% used [0x000000076f680000,0x000000076f680000,0x000000076fd00000)
 ParOldGen       total 175104K, used 3246K [0x00000006c1c00000, 0x00000006cc700000, 0x000000076b400000)
  object space 175104K, 1% used [0x00000006c1c00000,0x00000006c1f2b890,0x00000006cc700000)
 Metaspace       used 8827K, capacity 9203K, committed 9216K, reserved 1056768K
  class space    used 922K, capacity 1014K, committed 1024K, reserved 1048576K
GC Heap History (10 events):
Event: 17.427 GC heap before
{Heap before GC invocations=3 (full 0):
 PSYoungGen      total 76288K, used 69028K [0x000000076b400000, 0x0000000770900000, 0x00000007c0000000)
  eden space 65536K, 100% used [0x000000076b400000,0x000000076f400000,0x000000076f400000)
  from space 10752K, 32% used [0x000000076fe80000,0x00000007701e93b0,0x0000000770900000)
  to   space 10752K, 0% used [0x000000076f400000,0x000000076f400000,0x000000076fe80000)
 ParOldGen       total 175104K, used 32K [0x00000006c1c00000, 0x00000006cc700000, 0x000000076b400000)
  object space 175104K, 0% used [0x00000006c1c00000,0x00000006c1c08000,0x00000006cc700000)
 Metaspace       used 8764K, capacity 9133K, committed 9216K, reserved 1056768K
  class space    used 919K, capacity 1013K, committed 1024K, reserved 1048576K
Event: 17.440 GC heap after
Heap after GC invocations=3 (full 0):
 PSYoungGen      total 76288K, used 3892K [0x000000076b400000, 0x0000000770900000, 0x00000007c0000000)
  eden space 65536K, 0% used [0x000000076b400000,0x000000076b400000,0x000000076f400000)
  from space 10752K, 36% used [0x000000076f400000,0x000000076f7cd3a0,0x000000076fe80000)
  to   space 10752K, 0% used [0x000000076fe80000,0x000000076fe80000,0x0000000770900000)
 ParOldGen       total 175104K, used 40K [0x00000006c1c00000, 0x00000006cc700000, 0x000000076b400000)
  object space 175104K, 0% used [0x00000006c1c00000,0x00000006c1c0a000,0x00000006cc700000)
 Metaspace       used 8764K, capacity 9133K, committed 9216K, reserved 1056768K
  class space    used 919K, capacity 1013K, committed 1024K, reserved 1048576K
}
Event: 17.767 GC heap before
{Heap before GC invocations=4 (full 0):
 PSYoungGen      total 76288K, used 69428K [0x000000076b400000, 0x0000000770900000, 0x00000007c0000000)
  eden space 65536K, 100% used [0x000000076b400000,0x000000076f400000,0x000000076f400000)
  from space 10752K, 36% used [0x000000076f400000,0x000000076f7cd3a0,0x000000076fe80000)
  to   space 10752K, 0% used [0x000000076fe80000,0x000000076fe80000,0x0000000770900000)
 ParOldGen       total 175104K, used 40K [0x00000006c1c00000, 0x00000006cc700000, 0x000000076b400000)
  object space 175104K, 0% used [0x00000006c1c00000,0x00000006c1c0a000,0x00000006cc700000)
 Metaspace       used 8773K, capacity 9133K, committed 9216K, reserved 1056768K
  class space    used 920K, capacity 1013K, committed 1024K, reserved 1048576K
Event: 17.771 GC heap after
Heap after GC invocations=4 (full 0):
 PSYoungGen      total 76288K, used 4356K [0x000000076b400000, 0x0000000770900000, 0x00000007c0000000)
  eden space 65536K, 0% used [0x000000076b400000,0x000000076b400000,0x000000076f400000)
  from space 10752K, 40% used [0x000000076fe80000,0x00000007702c13c0,0x0000000770900000)
  to   space 10752K, 0% used [0x000000076f400000,0x000000076f400000,0x000000076fe80000)
 ParOldGen       total 175104K, used 48K [0x00000006c1c00000, 0x00000006cc700000, 0x000000076b400000)
  object space 175104K, 0% used [0x00000006c1c00000,0x00000006c1c0c000,0x00000006cc700000)
 Metaspace       used 8773K, capacity 9133K, committed 9216K, reserved 1056768K
  class space    used 920K, capacity 1013K, committed 1024K, reserved 1048576K
}
Event: 24.124 GC heap before
{Heap before GC invocations=5 (full 0):
 PSYoungGen      total 76288K, used 69892K [0x000000076b400000, 0x0000000770900000, 0x00000007c0000000)
  eden space 65536K, 100% used [0x000000076b400000,0x000000076f400000,0x000000076f400000)
  from space 10752K, 40% used [0x000000076fe80000,0x00000007702c13c0,0x0000000770900000)
  to   space 10752K, 0% used [0x000000076f400000,0x000000076f400000,0x000000076fe80000)
 ParOldGen       total 175104K, used 48K [0x00000006c1c00000, 0x00000006cc700000, 0x000000076b400000)
  object space 175104K, 0% used [0x00000006c1c00000,0x00000006c1c0c000,0x00000006cc700000)
 Metaspace       used 8803K, capacity 9197K, committed 9216K, reserved 1056768K
  class space    used 920K, capacity 1013K, committed 1024K, reserved 1048576K
Event: 24.129 GC heap after
Heap after GC invocations=5 (full 0):
 PSYoungGen      total 69120K, used 5060K [0x000000076b400000, 0x000000076ff00000, 0x00000007c0000000)
  eden space 64000K, 0% used [0x000000076b400000,0x000000076b400000,0x000000076f280000)
  from space 5120K, 98% used [0x000000076f400000,0x000000076f8f13a0,0x000000076f900000)
  to   space 5632K, 0% used [0x000000076f980000,0x000000076f980000,0x000000076ff00000)
 ParOldGen       total 175104K, used 56K [0x00000006c1c00000, 0x00000006cc700000, 0x000000076b400000)
  object space 175104K, 0% used [0x00000006c1c00000,0x00000006c1c0e000,0x00000006cc700000)
 Metaspace       used 8803K, capacity 9197K, committed 9216K, reserved 1056768K
  class space    used 920K, capacity 1013K, committed 1024K, reserved 1048576K
}
Event: 42.079 GC heap before
{Heap before GC invocations=6 (full 0):
 PSYoungGen      total 69120K, used 69060K [0x000000076b400000, 0x000000076ff00000, 0x00000007c0000000)
  eden space 64000K, 100% used [0x000000076b400000,0x000000076f280000,0x000000076f280000)
  from space 5120K, 98% used [0x000000076f400000,0x000000076f8f13a0,0x000000076f900000)
  to   space 5632K, 0% used [0x000000076f980000,0x000000076f980000,0x000000076ff00000)
 ParOldGen       total 175104K, used 56K [0x00000006c1c00000, 0x00000006cc700000, 0x000000076b400000)
  object space 175104K, 0% used [0x00000006c1c00000,0x00000006c1c0e000,0x00000006cc700000)
 Metaspace       used 8810K, capacity 9203K, committed 9216K, reserved 1056768K
  class space    used 920K, capacity 1014K, committed 1024K, reserved 1048576K
Event: 42.085 GC heap after
Heap after GC invocations=6 (full 0):
 PSYoungGen      total 68096K, used 5588K [0x000000076b400000, 0x000000076ff00000, 0x00000007c0000000)
  eden space 62464K, 0% used [0x000000076b400000,0x000000076b400000,0x000000076f100000)
  from space 5632K, 99% used [0x000000076f980000,0x000000076fef53b0,0x000000076ff00000)
  to   space 6656K, 0% used [0x000000076f200000,0x000000076f200000,0x000000076f880000)
 ParOldGen       total 175104K, used 64K [0x00000006c1c00000, 0x00000006cc700000, 0x000000076b400000)
  object space 175104K, 0% used [0x00000006c1c00000,0x00000006c1c10000,0x00000006cc700000)
 Metaspace       used 8810K, capacity 9203K, committed 9216K, reserved 1056768K
  class space    used 920K, capacity 1014K, committed 1024K, reserved 1048576K
}
Event: 50.712 GC heap before
{Heap before GC invocations=7 (full 0):
 PSYoungGen      total 68096K, used 68052K [0x000000076b400000, 0x000000076ff00000, 0x00000007c0000000)
  eden space 62464K, 100% used [0x000000076b400000,0x000000076f100000,0x000000076f100000)
  from space 5632K, 99% used [0x000000076f980000,0x000000076fef53b0,0x000000076ff00000)
  to   space 6656K, 0% used [0x000000076f200000,0x000000076f200000,0x000000076f880000)
 ParOldGen       total 175104K, used 64K [0x00000006c1c00000, 0x00000006cc700000, 0x000000076b400000)
  object space 175104K, 0% used [0x00000006c1c00000,0x00000006c1c10000,0x00000006cc700000)
 Metaspace       used 8816K, capacity 9203K, committed 9216K, reserved 1056768K
  class space    used 920K, capacity 1014K, committed 1024K, reserved 1048576K
Event: 50.717 GC heap after
Heap after GC invocations=7 (full 0):
 PSYoungGen      total 64512K, used 2656K [0x000000076b400000, 0x000000076fd00000, 0x00000007c0000000)
  eden space 61440K, 0% used [0x000000076b400000,0x000000076b400000,0x000000076f000000)
  from space 3072K, 86% used [0x000000076f200000,0x000000076f498010,0x000000076f500000)
  to   space 6656K, 0% used [0x000000076f680000,0x000000076f680000,0x000000076fd00000)
 ParOldGen       total 175104K, used 3246K [0x00000006c1c00000, 0x00000006cc700000, 0x000000076b400000)
  object space 175104K, 1% used [0x00000006c1c00000,0x00000006c1f2b890,0x00000006cc700000)
 Metaspace       used 8816K, capacity 9203K, committed 9216K, reserved 1056768K
  class space    used 920K, capacity 1014K, committed 1024K, reserved 1048576K
}

