# JRE version: Java(TM) SE Runtime Environment (8.0_181-b13) (build 1.8.0_181-b13)
# Java VM: Java HotSpot(TM) 64-Bit Server VM (25.181-b13 mixed mode windows-amd64 compressed oops)
Heap:
 PSYoungGen      total 76288K, used 51211K [0x000000076b400000, 0x0000000770900000, 0x00000007c0000000)
  eden space 65536K, 71% used [0x000000076b400000,0x000000076e1d1b90,0x000000076f400000)
  from space 10752K, 39% used [0x000000076f400000,0x000000076f8313a0,0x000000076fe80000)
  to   space 10752K, 0% used [0x000000076fe80000,0x000000076fe80000,0x0000000770900000)
 ParOldGen       total 175104K, used 32K [0x00000006c1c00000, 0x00000006cc700000, 0x000000076b400000)
  object space 175104K, 0% used [0x00000006c1c00000,0x00000006c1c08000,0x00000006cc700000)
 Metaspace       used 8965K, capacity 9341K, committed 9600K, reserved 1058816K
  class space    used 950K, capacity 1043K, committed 1152K, reserved 1048576K
GC Heap History (6 events):
Event: 2.078 GC heap before
{Heap before GC invocations=1 (full 0):
 PSYoungGen      total 76288K, used 65536K [0x000000076b400000, 0x0000000770900000, 0x00000007c0000000)
  eden space 65536K, 100% used [0x000000076b400000,0x000000076f400000,0x000000076f400000)
  from space 10752K, 0% used [0x000000076fe80000,0x000000076fe80000,0x0000000770900000)
  to   space 10752K, 0% used [0x000000076f400000,0x000000076f400000,0x000000076fe80000)
 ParOldGen       total 175104K, used 0K [0x00000006c1c00000, 0x00000006cc700000, 0x000000076b400000)
  object space 175104K, 0% used [0x00000006c1c00000,0x00000006c1c00000,0x00000006cc700000)
 Metaspace       used 7588K, capacity 7787K, committed 7936K, reserved 1056768K
  class space    used 816K, capacity 904K, committed 1024K, reserved 1048576K
Event: 2.083 GC heap after
Heap after GC invocations=1 (full 0):
 PSYoungGen      total 76288K, used 2766K [0x000000076b400000, 0x0000000770900000, 0x00000007c0000000)
  eden space 65536K, 0% used [0x000000076b400000,0x000000076b400000,0x000000076f400000)
  from space 10752K, 25% used [0x000000076f400000,0x000000076f6b3990,0x000000076fe80000)
  to   space 10752K, 0% used [0x000000076fe80000,0x000000076fe80000,0x0000000770900000)
 ParOldGen       total 175104K, used 16K [0x00000006c1c00000, 0x00000006cc700000, 0x000000076b400000)
  object space 175104K, 0% used [0x00000006c1c00000,0x00000006c1c04000,0x00000006cc700000)
 Metaspace       used 7588K, capacity 7787K, committed 7936K, reserved 1056768K
  class space    used 816K, capacity 904K, committed 1024K, reserved 1048576K
}
Event: 5.304 GC heap before
{Heap before GC invocations=2 (full 0):
 PSYoungGen      total 76288K, used 68302K [0x000000076b400000, 0x0000000770900000, 0x00000007c0000000)
  eden space 65536K, 100% used [0x000000076b400000,0x000000076f400000,0x000000076f400000)
  from space 10752K, 25% used [0x000000076f400000,0x000000076f6b3990,0x000000076fe80000)
  to   space 10752K, 0% used [0x000000076fe80000,0x000000076fe80000,0x0000000770900000)
 ParOldGen       total 175104K, used 16K [0x00000006c1c00000, 0x00000006cc700000, 0x000000076b400000)
  object space 175104K, 0% used [0x00000006c1c00000,0x00000006c1c04000,0x00000006cc700000)
 Metaspace       used 8874K, capacity 9191K, committed 9344K, reserved 1056768K
  class space    used 947K, capacity 1042K, committed 1152K, reserved 1048576K
Event: 5.317 GC heap after
Heap after GC invocations=2 (full 0):
 PSYoungGen      total 76288K, used 3444K [0x000000076b400000, 0x0000000770900000, 0x00000007c0000000)
  eden space 65536K, 0% used [0x000000076b400000,0x000000076b400000,0x000000076f400000)
  from space 10752K, 32% used [0x000000076fe80000,0x00000007701dd3a0,0x0000000770900000)
  to   space 10752K, 0% used [0x000000076f400000,0x000000076f400000,0x000000076fe80000)
 ParOldGen       total 175104K, used 24K [0x00000006c1c00000, 0x00000006cc700000, 0x000000076b400000)
  object space 175104K, 0% used [0x00000006c1c00000,0x00000006c1c06000,0x00000006cc700000)
 Metaspace       used 8874K, capacity 9191K, committed 9344K, reserved 1056768K
  class space    used 947K, capacity 1042K, committed 1152K, reserved 1048576K
}
Event: 7.723 GC heap before
{Heap before GC invocations=3 (full 0):
 PSYoungGen      total 76288K, used 68980K [0x000000076b400000, 0x0000000770900000, 0x00000007c0000000)
  eden space 65536K, 100% used [0x000000076b400000,0x000000076f400000,0x000000076f400000)
  from space 10752K, 32% used [0x000000076fe80000,0x00000007701dd3a0,0x0000000770900000)
  to   space 10752K, 0% used [0x000000076f400000,0x000000076f400000,0x000000076fe80000)
 ParOldGen       total 175104K, used 24K [0x00000006c1c00000, 0x00000006cc700000, 0x000000076b400000)
  object space 175104K, 0% used [0x00000006c1c00000,0x00000006c1c06000,0x00000006cc700000)
 Metaspace       used 8910K, capacity 9199K, committed 9344K, reserved 1056768K
  class space    used 948K, capacity 1042K, committed 1152K, reserved 1048576K
Event: 7.727 GC heap after
Heap after GC invocations=3 (full 0):
 PSYoungGen      total 76288K, used 4292K [0x000000076b400000, 0x0000000770900000, 0x00000007c0000000)
  eden space 65536K, 0% used [0x000000076b400000,0x000000076b400000,0x000000076f400000)
  from space 10752K, 39% used [0x000000076f400000,0x000000076f8313a0,0x000000076fe80000)
  to   space 10752K, 0% used [0x000000076fe80000,0x000000076fe80000,0x0000000770900000)
 ParOldGen       total 175104K, used 32K [0x00000006c1c00000, 0x00000006cc700000, 0x000000076b400000)
  object space 175104K, 0% used [0x00000006c1c00000,0x00000006c1c08000,0x00000006cc700000)
 Metaspace       used 8910K, capacity 9199K, committed 9344K, reserved 1056768K
  class space    used 948K, capacity 1042K, committed 1152K, reserved 1048576K
}

