# JRE version: Java(TM) SE Runtime Environment (8.0_181-b13) (build 1.8.0_181-b13)
# Java VM: Java HotSpot(TM) 64-Bit Server VM (25.181-b13 mixed mode windows-amd64 compressed oops)
Heap:
 PSYoungGen      total 54272K, used 31848K [0x000000076b400000, 0x000000076f100000, 0x00000007c0000000)
  eden space 48128K, 64% used [0x000000076b400000,0x000000076d252030,0x000000076e300000)
  from space 6144K, 13% used [0x000000076eb00000,0x000000076ebc8000,0x000000076f100000)
  to   space 7168K, 0% used [0x000000076e300000,0x000000076e300000,0x000000076ea00000)
 ParOldGen       total 175104K, used 22697K [0x00000006c1c00000, 0x00000006cc700000, 0x000000076b400000)
  object space 175104K, 12% used [0x00000006c1c00000,0x00000006c322a5e0,0x00000006cc700000)
 Metaspace       used 9269K, capacity 9633K, committed 9856K, reserved 1058816K
  class space    used 972K, capacity 1051K, committed 1152K, reserved 1048576K
GC Heap History (10 events):
Event: 58.712 GC heap before
{Heap before GC invocations=16 (full 0):
 PSYoungGen      total 54272K, used 54176K [0x000000076b400000, 0x000000076f800000, 0x00000007c0000000)
  eden space 53248K, 100% used [0x000000076b400000,0x000000076e800000,0x000000076e800000)
  from space 1024K, 90% used [0x000000076e900000,0x000000076e9e8000,0x000000076ea00000)
  to   space 8192K, 0% used [0x000000076f000000,0x000000076f000000,0x000000076f800000)
 ParOldGen       total 175104K, used 18837K [0x00000006c1c00000, 0x00000006cc700000, 0x000000076b400000)
  object space 175104K, 10% used [0x00000006c1c00000,0x00000006c2e65440,0x00000006cc700000)
 Metaspace       used 9234K, capacity 9563K, committed 9856K, reserved 1058816K
  class space    used 970K, capacity 1050K, committed 1152K, reserved 1048576K
Event: 58.720 GC heap after
Heap after GC invocations=16 (full 0):
 PSYoungGen      total 58368K, used 1214K [0x000000076b400000, 0x000000076f600000, 0x00000007c0000000)
  eden space 52224K, 0% used [0x000000076b400000,0x000000076b400000,0x000000076e700000)
  from space 6144K, 19% used [0x000000076f000000,0x000000076f12f8b0,0x000000076f600000)
  to   space 7680K, 0% used [0x000000076e700000,0x000000076e700000,0x000000076ee80000)
 ParOldGen       total 175104K, used 19741K [0x00000006c1c00000, 0x00000006cc700000, 0x000000076b400000)
  object space 175104K, 11% used [0x00000006c1c00000,0x00000006c2f47440,0x00000006cc700000)
 Metaspace       used 9234K, capacity 9563K, committed 9856K, reserved 1058816K
  class space    used 970K, capacity 1050K, committed 1152K, reserved 1048576K
}
Event: 60.111 GC heap before
{Heap before GC invocations=17 (full 0):
 PSYoungGen      total 58368K, used 53438K [0x000000076b400000, 0x000000076f600000, 0x00000007c0000000)
  eden space 52224K, 100% used [0x000000076b400000,0x000000076e700000,0x000000076e700000)
  from space 6144K, 19% used [0x000000076f000000,0x000000076f12f8b0,0x000000076f600000)
  to   space 7680K, 0% used [0x000000076e700000,0x000000076e700000,0x000000076ee80000)
 ParOldGen       total 175104K, used 19741K [0x00000006c1c00000, 0x00000006cc700000, 0x000000076b400000)
  object space 175104K, 11% used [0x00000006c1c00000,0x00000006c2f47440,0x00000006cc700000)
 Metaspace       used 9236K, capacity 9563K, committed 9856K, reserved 1058816K
  class space    used 970K, capacity 1050K, committed 1152K, reserved 1048576K
Event: 60.113 GC heap after
Heap after GC invocations=17 (full 0):
 PSYoungGen      total 51712K, used 480K [0x000000076b400000, 0x000000076f500000, 0x00000007c0000000)
  eden space 51200K, 0% used [0x000000076b400000,0x000000076b400000,0x000000076e600000)
  from space 512K, 93% used [0x000000076e700000,0x000000076e778000,0x000000076e780000)
  to   space 7680K, 0% used [0x000000076ed80000,0x000000076ed80000,0x000000076f500000)
 ParOldGen       total 175104K, used 20851K [0x00000006c1c00000, 0x00000006cc700000, 0x000000076b400000)
  object space 175104K, 11% used [0x00000006c1c00000,0x00000006c305cd10,0x00000006cc700000)
 Metaspace       used 9236K, capacity 9563K, committed 9856K, reserved 1058816K
  class space    used 970K, capacity 1050K, committed 1152K, reserved 1048576K
}
Event: 61.626 GC heap before
{Heap before GC invocations=18 (full 0):
 PSYoungGen      total 51712K, used 51680K [0x000000076b400000, 0x000000076f500000, 0x00000007c0000000)
  eden space 51200K, 100% used [0x000000076b400000,0x000000076e600000,0x000000076e600000)
  from space 512K, 93% used [0x000000076e700000,0x000000076e778000,0x000000076e780000)
  to   space 7680K, 0% used [0x000000076ed80000,0x000000076ed80000,0x000000076f500000)
 ParOldGen       total 175104K, used 20851K [0x00000006c1c00000, 0x00000006cc700000, 0x000000076b400000)
  object space 175104K, 11% used [0x00000006c1c00000,0x00000006c305cd10,0x00000006cc700000)
 Metaspace       used 9238K, capacity 9627K, committed 9856K, reserved 1058816K
  class space    used 970K, capacity 1050K, committed 1152K, reserved 1048576K
Event: 61.628 GC heap after
Heap after GC invocations=18 (full 0):
 PSYoungGen      total 56832K, used 448K [0x000000076b400000, 0x000000076f400000, 0x00000007c0000000)
  eden space 50176K, 0% used [0x000000076b400000,0x000000076b400000,0x000000076e500000)
  from space 6656K, 6% used [0x000000076ed80000,0x000000076edf0000,0x000000076f400000)
  to   space 7680K, 0% used [0x000000076e500000,0x000000076e500000,0x000000076ec80000)
 ParOldGen       total 175104K, used 21259K [0x00000006c1c00000, 0x00000006cc700000, 0x000000076b400000)
  object space 175104K, 12% used [0x00000006c1c00000,0x00000006c30c2d10,0x00000006cc700000)
 Metaspace       used 9238K, capacity 9627K, committed 9856K, reserved 1058816K
  class space    used 970K, capacity 1050K, committed 1152K, reserved 1048576K
}
Event: 64.108 GC heap before
{Heap before GC invocations=19 (full 0):
 PSYoungGen      total 56832K, used 50624K [0x000000076b400000, 0x000000076f400000, 0x00000007c0000000)
  eden space 50176K, 100% used [0x000000076b400000,0x000000076e500000,0x000000076e500000)
  from space 6656K, 6% used [0x000000076ed80000,0x000000076edf0000,0x000000076f400000)
  to   space 7680K, 0% used [0x000000076e500000,0x000000076e500000,0x000000076ec80000)
 ParOldGen       total 175104K, used 21259K [0x00000006c1c00000, 0x00000006cc700000, 0x000000076b400000)
  object space 175104K, 12% used [0x00000006c1c00000,0x00000006c30c2d10,0x00000006cc700000)
 Metaspace       used 9238K, capacity 9627K, committed 9856K, reserved 1058816K
  class space    used 970K, capacity 1050K, committed 1152K, reserved 1048576K
Event: 64.111 GC heap after
Heap after GC invocations=19 (full 0):
 PSYoungGen      total 50688K, used 1054K [0x000000076b400000, 0x000000076f200000, 0x00000007c0000000)
  eden space 49152K, 0% used [0x000000076b400000,0x000000076b400000,0x000000076e400000)
  from space 1536K, 68% used [0x000000076e500000,0x000000076e6078b0,0x000000076e680000)
  to   space 7168K, 0% used [0x000000076eb00000,0x000000076eb00000,0x000000076f200000)
 ParOldGen       total 175104K, used 21699K [0x00000006c1c00000, 0x00000006cc700000, 0x000000076b400000)
  object space 175104K, 12% used [0x00000006c1c00000,0x00000006c3130d10,0x00000006cc700000)
 Metaspace       used 9238K, capacity 9627K, committed 9856K, reserved 1058816K
  class space    used 970K, capacity 1050K, committed 1152K, reserved 1048576K
}
Event: 69.408 GC heap before
{Heap before GC invocations=20 (full 0):
 PSYoungGen      total 50688K, used 50206K [0x000000076b400000, 0x000000076f200000, 0x00000007c0000000)
  eden space 49152K, 100% used [0x000000076b400000,0x000000076e400000,0x000000076e400000)
  from space 1536K, 68% used [0x000000076e500000,0x000000076e6078b0,0x000000076e680000)
  to   space 7168K, 0% used [0x000000076eb00000,0x000000076eb00000,0x000000076f200000)
 ParOldGen       total 175104K, used 21699K [0x00000006c1c00000, 0x00000006cc700000, 0x000000076b400000)
  object space 175104K, 12% used [0x00000006c1c00000,0x00000006c3130d10,0x00000006cc700000)
 Metaspace       used 9257K, capacity 9633K, committed 9856K, reserved 1058816K
  class space    used 971K, capacity 1051K, committed 1152K, reserved 1048576K
Event: 69.410 GC heap after
Heap after GC invocations=20 (full 0):
 PSYoungGen      total 54272K, used 800K [0x000000076b400000, 0x000000076f100000, 0x00000007c0000000)
  eden space 48128K, 0% used [0x000000076b400000,0x000000076b400000,0x000000076e300000)
  from space 6144K, 13% used [0x000000076eb00000,0x000000076ebc8000,0x000000076f100000)
  to   space 7168K, 0% used [0x000000076e300000,0x000000076e300000,0x000000076ea00000)
 ParOldGen       total 175104K, used 22697K [0x00000006c1c00000, 0x00000006cc700000, 0x000000076b400000)
  object space 175104K, 12% used [0x00000006c1c00000,0x00000006c322a5e0,0x00000006cc700000)
 Metaspace       used 9257K, capacity 9633K, committed 9856K, reserved 1058816K
  class space    used 971K, capacity 1051K, committed 1152K, reserved 1048576K
}

