# JRE version: Java(TM) SE Runtime Environment (8.0_181-b13) (build 1.8.0_181-b13)
# Java VM: Java HotSpot(TM) 64-Bit Server VM (25.181-b13 mixed mode windows-amd64 compressed oops)
Heap:
 PSYoungGen      total 56320K, used 2491K [0x000000076b400000, 0x000000076fa00000, 0x00000007c0000000)
  eden space 55296K, 3% used [0x000000076b400000,0x000000076b59edc8,0x000000076ea00000)
  from space 1024K, 81% used [0x000000076eb00000,0x000000076ebd0000,0x000000076ec00000)
  to   space 8192K, 0% used [0x000000076f200000,0x000000076f200000,0x000000076fa00000)
 ParOldGen       total 175104K, used 9900K [0x00000006c1c00000, 0x00000006cc700000, 0x000000076b400000)
  object space 175104K, 5% used [0x00000006c1c00000,0x00000006c25ab2b0,0x00000006cc700000)
 Metaspace       used 9252K, capacity 9615K, committed 9856K, reserved 1058816K
  class space    used 972K, capacity 1048K, committed 1152K, reserved 1048576K
GC Heap History (10 events):
Event: 30.108 GC heap before
{Heap before GC invocations=9 (full 0):
 PSYoungGen      total 67072K, used 63565K [0x000000076b400000, 0x000000076fe00000, 0x00000007c0000000)
  eden space 60416K, 100% used [0x000000076b400000,0x000000076ef00000,0x000000076ef00000)
  from space 6656K, 47% used [0x000000076f780000,0x000000076fa93650,0x000000076fe00000)
  to   space 7680K, 0% used [0x000000076ef00000,0x000000076ef00000,0x000000076f680000)
 ParOldGen       total 175104K, used 5650K [0x00000006c1c00000, 0x00000006cc700000, 0x000000076b400000)
  object space 175104K, 3% used [0x00000006c1c00000,0x00000006c21848a0,0x00000006cc700000)
 Metaspace       used 9236K, capacity 9551K, committed 9856K, reserved 1058816K
  class space    used 971K, capacity 1048K, committed 1152K, reserved 1048576K
Event: 30.111 GC heap after
Heap after GC invocations=9 (full 0):
 PSYoungGen      total 61952K, used 2193K [0x000000076b400000, 0x000000076fd00000, 0x00000007c0000000)
  eden space 59392K, 0% used [0x000000076b400000,0x000000076b400000,0x000000076ee00000)
  from space 2560K, 85% used [0x000000076ef00000,0x000000076f124450,0x000000076f180000)
  to   space 7680K, 0% used [0x000000076f580000,0x000000076f580000,0x000000076fd00000)
 ParOldGen       total 175104K, used 6726K [0x00000006c1c00000, 0x00000006cc700000, 0x000000076b400000)
  object space 175104K, 3% used [0x00000006c1c00000,0x00000006c2291aa0,0x00000006cc700000)
 Metaspace       used 9236K, capacity 9551K, committed 9856K, reserved 1058816K
  class space    used 971K, capacity 1048K, committed 1152K, reserved 1048576K
}
Event: 30.873 GC heap before
{Heap before GC invocations=10 (full 0):
 PSYoungGen      total 61952K, used 61585K [0x000000076b400000, 0x000000076fd00000, 0x00000007c0000000)
  eden space 59392K, 100% used [0x000000076b400000,0x000000076ee00000,0x000000076ee00000)
  from space 2560K, 85% used [0x000000076ef00000,0x000000076f124450,0x000000076f180000)
  to   space 7680K, 0% used [0x000000076f580000,0x000000076f580000,0x000000076fd00000)
 ParOldGen       total 175104K, used 6726K [0x00000006c1c00000, 0x00000006cc700000, 0x000000076b400000)
  object space 175104K, 3% used [0x00000006c1c00000,0x00000006c2291aa0,0x00000006cc700000)
 Metaspace       used 9236K, capacity 9551K, committed 9856K, reserved 1058816K
  class space    used 971K, capacity 1048K, committed 1152K, reserved 1048576K
Event: 30.876 GC heap after
Heap after GC invocations=10 (full 0):
 PSYoungGen      total 66048K, used 288K [0x000000076b400000, 0x000000076fd00000, 0x00000007c0000000)
  eden space 58368K, 0% used [0x000000076b400000,0x000000076b400000,0x000000076ed00000)
  from space 7680K, 3% used [0x000000076f580000,0x000000076f5c8000,0x000000076fd00000)
  to   space 8192K, 0% used [0x000000076ed00000,0x000000076ed00000,0x000000076f500000)
 ParOldGen       total 175104K, used 8727K [0x00000006c1c00000, 0x00000006cc700000, 0x000000076b400000)
  object space 175104K, 4% used [0x00000006c1c00000,0x00000006c2485f50,0x00000006cc700000)
 Metaspace       used 9236K, capacity 9551K, committed 9856K, reserved 1058816K
  class space    used 971K, capacity 1048K, committed 1152K, reserved 1048576K
}
Event: 31.806 GC heap before
{Heap before GC invocations=11 (full 0):
 PSYoungGen      total 66048K, used 58656K [0x000000076b400000, 0x000000076fd00000, 0x00000007c0000000)
  eden space 58368K, 100% used [0x000000076b400000,0x000000076ed00000,0x000000076ed00000)
  from space 7680K, 3% used [0x000000076f580000,0x000000076f5c8000,0x000000076fd00000)
  to   space 8192K, 0% used [0x000000076ed00000,0x000000076ed00000,0x000000076f500000)
 ParOldGen       total 175104K, used 8727K [0x00000006c1c00000, 0x00000006cc700000, 0x000000076b400000)
  object space 175104K, 4% used [0x00000006c1c00000,0x00000006c2485f50,0x00000006cc700000)
 Metaspace       used 9238K, capacity 9615K, committed 9856K, reserved 1058816K
  class space    used 971K, capacity 1048K, committed 1152K, reserved 1048576K
Event: 31.807 GC heap after
Heap after GC invocations=11 (full 0):
 PSYoungGen      total 58368K, used 540K [0x000000076b400000, 0x000000076fc00000, 0x00000007c0000000)
  eden space 57344K, 0% used [0x000000076b400000,0x000000076b400000,0x000000076ec00000)
  from space 1024K, 52% used [0x000000076ed00000,0x000000076ed87200,0x000000076ee00000)
  to   space 8192K, 0% used [0x000000076f400000,0x000000076f400000,0x000000076fc00000)
 ParOldGen       total 175104K, used 8975K [0x00000006c1c00000, 0x00000006cc700000, 0x000000076b400000)
  object space 175104K, 5% used [0x00000006c1c00000,0x00000006c24c3f50,0x00000006cc700000)
 Metaspace       used 9238K, capacity 9615K, committed 9856K, reserved 1058816K
  class space    used 971K, capacity 1048K, committed 1152K, reserved 1048576K
}
Event: 33.137 GC heap before
{Heap before GC invocations=12 (full 0):
 PSYoungGen      total 58368K, used 57884K [0x000000076b400000, 0x000000076fc00000, 0x00000007c0000000)
  eden space 57344K, 100% used [0x000000076b400000,0x000000076ec00000,0x000000076ec00000)
  from space 1024K, 52% used [0x000000076ed00000,0x000000076ed87200,0x000000076ee00000)
  to   space 8192K, 0% used [0x000000076f400000,0x000000076f400000,0x000000076fc00000)
 ParOldGen       total 175104K, used 8975K [0x00000006c1c00000, 0x00000006cc700000, 0x000000076b400000)
  object space 175104K, 5% used [0x00000006c1c00000,0x00000006c24c3f50,0x00000006cc700000)
 Metaspace       used 9240K, capacity 9615K, committed 9856K, reserved 1058816K
  class space    used 971K, capacity 1048K, committed 1152K, reserved 1048576K
Event: 33.139 GC heap after
Heap after GC invocations=12 (full 0):
 PSYoungGen      total 64512K, used 528K [0x000000076b400000, 0x000000076fc00000, 0x00000007c0000000)
  eden space 56320K, 0% used [0x000000076b400000,0x000000076b400000,0x000000076eb00000)
  from space 8192K, 6% used [0x000000076f400000,0x000000076f484120,0x000000076fc00000)
  to   space 8704K, 0% used [0x000000076eb00000,0x000000076eb00000,0x000000076f380000)
 ParOldGen       total 175104K, used 9436K [0x00000006c1c00000, 0x00000006cc700000, 0x000000076b400000)
  object space 175104K, 5% used [0x00000006c1c00000,0x00000006c2537170,0x00000006cc700000)
 Metaspace       used 9240K, capacity 9615K, committed 9856K, reserved 1058816K
  class space    used 971K, capacity 1048K, committed 1152K, reserved 1048576K
}
Event: 34.507 GC heap before
{Heap before GC invocations=13 (full 0):
 PSYoungGen      total 64512K, used 56848K [0x000000076b400000, 0x000000076fc00000, 0x00000007c0000000)
  eden space 56320K, 100% used [0x000000076b400000,0x000000076eb00000,0x000000076eb00000)
  from space 8192K, 6% used [0x000000076f400000,0x000000076f484120,0x000000076fc00000)
  to   space 8704K, 0% used [0x000000076eb00000,0x000000076eb00000,0x000000076f380000)
 ParOldGen       total 175104K, used 9436K [0x00000006c1c00000, 0x00000006cc700000, 0x000000076b400000)
  object space 175104K, 5% used [0x00000006c1c00000,0x00000006c2537170,0x00000006cc700000)
 Metaspace       used 9251K, capacity 9615K, committed 9856K, reserved 1058816K
  class space    used 972K, capacity 1048K, committed 1152K, reserved 1048576K
Event: 34.511 GC heap after
Heap after GC invocations=13 (full 0):
 PSYoungGen      total 56320K, used 832K [0x000000076b400000, 0x000000076fa00000, 0x00000007c0000000)
  eden space 55296K, 0% used [0x000000076b400000,0x000000076b400000,0x000000076ea00000)
  from space 1024K, 81% used [0x000000076eb00000,0x000000076ebd0000,0x000000076ec00000)
  to   space 8192K, 0% used [0x000000076f200000,0x000000076f200000,0x000000076fa00000)
 ParOldGen       total 175104K, used 9900K [0x00000006c1c00000, 0x00000006cc700000, 0x000000076b400000)
  object space 175104K, 5% used [0x00000006c1c00000,0x00000006c25ab2b0,0x00000006cc700000)
 Metaspace       used 9251K, capacity 9615K, committed 9856K, reserved 1058816K
  class space    used 972K, capacity 1048K, committed 1152K, reserved 1048576K
}

