# JRE version: Java(TM) SE Runtime Environment (8.0_181-b13) (build 1.8.0_181-b13)
# Java VM: Java HotSpot(TM) 64-Bit Server VM (25.181-b13 mixed mode windows-amd64 compressed oops)
Heap:
 PSYoungGen      total 54784K, used 30998K [0x000000076b400000, 0x0000000771200000, 0x00000007c0000000)
  eden space 53248K, 56% used [0x000000076b400000,0x000000076d19ca58,0x000000076e800000)
  from space 1536K, 44% used [0x0000000770f00000,0x0000000770fa9010,0x0000000771080000)
  to   space 1536K, 0% used [0x0000000771080000,0x0000000771080000,0x0000000771200000)
 ParOldGen       total 175104K, used 34387K [0x00000006c1c00000, 0x00000006cc700000, 0x000000076b400000)
  object space 175104K, 19% used [0x00000006c1c00000,0x00000006c3d94d48,0x00000006cc700000)
 Metaspace       used 9720K, capacity 10099K, committed 10368K, reserved 1058816K
  class space    used 1017K, capacity 1090K, committed 1152K, reserved 1048576K
GC Heap History (10 events):
Event: 85.178 GC heap before
{Heap before GC invocations=69 (full 0):
 PSYoungGen      total 58880K, used 58784K [0x000000076b400000, 0x0000000771380000, 0x00000007c0000000)
  eden space 58368K, 100% used [0x000000076b400000,0x000000076ed00000,0x000000076ed00000)
  from space 512K, 81% used [0x0000000771300000,0x0000000771368000,0x0000000771380000)
  to   space 1536K, 0% used [0x0000000771080000,0x0000000771080000,0x0000000771200000)
 ParOldGen       total 175104K, used 31267K [0x00000006c1c00000, 0x00000006cc700000, 0x000000076b400000)
  object space 175104K, 17% used [0x00000006c1c00000,0x00000006c3a88d48,0x00000006cc700000)
 Metaspace       used 9709K, capacity 10099K, committed 10368K, reserved 1058816K
  class space    used 1015K, capacity 1090K, committed 1152K, reserved 1048576K
Event: 85.182 GC heap after
Heap after GC invocations=69 (full 0):
 PSYoungGen      total 58880K, used 768K [0x000000076b400000, 0x0000000771380000, 0x00000007c0000000)
  eden space 57344K, 0% used [0x000000076b400000,0x000000076b400000,0x000000076ec00000)
  from space 1536K, 50% used [0x0000000771080000,0x0000000771140000,0x0000000771200000)
  to   space 1536K, 0% used [0x0000000771200000,0x0000000771200000,0x0000000771380000)
 ParOldGen       total 175104K, used 31667K [0x00000006c1c00000, 0x00000006cc700000, 0x000000076b400000)
  object space 175104K, 18% used [0x00000006c1c00000,0x00000006c3aecd48,0x00000006cc700000)
 Metaspace       used 9709K, capacity 10099K, committed 10368K, reserved 1058816K
  class space    used 1015K, capacity 1090K, committed 1152K, reserved 1048576K
}
Event: 87.905 GC heap before
{Heap before GC invocations=70 (full 0):
 PSYoungGen      total 58880K, used 58112K [0x000000076b400000, 0x0000000771380000, 0x00000007c0000000)
  eden space 57344K, 100% used [0x000000076b400000,0x000000076ec00000,0x000000076ec00000)
  from space 1536K, 50% used [0x0000000771080000,0x0000000771140000,0x0000000771200000)
  to   space 1536K, 0% used [0x0000000771200000,0x0000000771200000,0x0000000771380000)
 ParOldGen       total 175104K, used 31667K [0x00000006c1c00000, 0x00000006cc700000, 0x000000076b400000)
  object space 175104K, 18% used [0x00000006c1c00000,0x00000006c3aecd48,0x00000006cc700000)
 Metaspace       used 9709K, capacity 10099K, committed 10368K, reserved 1058816K
  class space    used 1015K, capacity 1090K, committed 1152K, reserved 1048576K
Event: 87.909 GC heap after
Heap after GC invocations=70 (full 0):
 PSYoungGen      total 57856K, used 1216K [0x000000076b400000, 0x0000000771380000, 0x00000007c0000000)
  eden space 56320K, 0% used [0x000000076b400000,0x000000076b400000,0x000000076eb00000)
  from space 1536K, 79% used [0x0000000771200000,0x0000000771330000,0x0000000771380000)
  to   space 1536K, 0% used [0x0000000771080000,0x0000000771080000,0x0000000771200000)
 ParOldGen       total 175104K, used 32379K [0x00000006c1c00000, 0x00000006cc700000, 0x000000076b400000)
  object space 175104K, 18% used [0x00000006c1c00000,0x00000006c3b9ed48,0x00000006cc700000)
 Metaspace       used 9709K, capacity 10099K, committed 10368K, reserved 1058816K
  class space    used 1015K, capacity 1090K, committed 1152K, reserved 1048576K
}
Event: 89.374 GC heap before
{Heap before GC invocations=71 (full 0):
 PSYoungGen      total 57856K, used 57536K [0x000000076b400000, 0x0000000771380000, 0x00000007c0000000)
  eden space 56320K, 100% used [0x000000076b400000,0x000000076eb00000,0x000000076eb00000)
  from space 1536K, 79% used [0x0000000771200000,0x0000000771330000,0x0000000771380000)
  to   space 1536K, 0% used [0x0000000771080000,0x0000000771080000,0x0000000771200000)
 ParOldGen       total 175104K, used 32379K [0x00000006c1c00000, 0x00000006cc700000, 0x000000076b400000)
  object space 175104K, 18% used [0x00000006c1c00000,0x00000006c3b9ed48,0x00000006cc700000)
 Metaspace       used 9709K, capacity 10099K, committed 10368K, reserved 1058816K
  class space    used 1015K, capacity 1090K, committed 1152K, reserved 1048576K
Event: 89.377 GC heap after
Heap after GC invocations=71 (full 0):
 PSYoungGen      total 56320K, used 544K [0x000000076b400000, 0x0000000771280000, 0x00000007c0000000)
  eden space 55296K, 0% used [0x000000076b400000,0x000000076b400000,0x000000076ea00000)
  from space 1024K, 53% used [0x0000000771080000,0x0000000771108000,0x0000000771180000)
  to   space 1024K, 0% used [0x0000000771180000,0x0000000771180000,0x0000000771280000)
 ParOldGen       total 175104K, used 33523K [0x00000006c1c00000, 0x00000006cc700000, 0x000000076b400000)
  object space 175104K, 19% used [0x00000006c1c00000,0x00000006c3cbcd48,0x00000006cc700000)
 Metaspace       used 9709K, capacity 10099K, committed 10368K, reserved 1058816K
  class space    used 1015K, capacity 1090K, committed 1152K, reserved 1048576K
}
Event: 90.591 GC heap before
{Heap before GC invocations=72 (full 0):
 PSYoungGen      total 56320K, used 55840K [0x000000076b400000, 0x0000000771280000, 0x00000007c0000000)
  eden space 55296K, 100% used [0x000000076b400000,0x000000076ea00000,0x000000076ea00000)
  from space 1024K, 53% used [0x0000000771080000,0x0000000771108000,0x0000000771180000)
  to   space 1024K, 0% used [0x0000000771180000,0x0000000771180000,0x0000000771280000)
 ParOldGen       total 175104K, used 33523K [0x00000006c1c00000, 0x00000006cc700000, 0x000000076b400000)
  object space 175104K, 19% used [0x00000006c1c00000,0x00000006c3cbcd48,0x00000006cc700000)
 Metaspace       used 9710K, capacity 10099K, committed 10368K, reserved 1058816K
  class space    used 1015K, capacity 1090K, committed 1152K, reserved 1048576K
Event: 90.597 GC heap after
Heap after GC invocations=72 (full 0):
 PSYoungGen      total 54784K, used 352K [0x000000076b400000, 0x0000000771200000, 0x00000007c0000000)
  eden space 54272K, 0% used [0x000000076b400000,0x000000076b400000,0x000000076e900000)
  from space 512K, 68% used [0x0000000771180000,0x00000007711d8000,0x0000000771200000)
  to   space 1536K, 0% used [0x0000000770f00000,0x0000000770f00000,0x0000000771080000)
 ParOldGen       total 175104K, used 34027K [0x00000006c1c00000, 0x00000006cc700000, 0x000000076b400000)
  object space 175104K, 19% used [0x00000006c1c00000,0x00000006c3d3ad48,0x00000006cc700000)
 Metaspace       used 9710K, capacity 10099K, committed 10368K, reserved 1058816K
  class space    used 1015K, capacity 1090K, committed 1152K, reserved 1048576K
}
Event: 92.016 GC heap before
{Heap before GC invocations=73 (full 0):
 PSYoungGen      total 54784K, used 54624K [0x000000076b400000, 0x0000000771200000, 0x00000007c0000000)
  eden space 54272K, 100% used [0x000000076b400000,0x000000076e900000,0x000000076e900000)
  from space 512K, 68% used [0x0000000771180000,0x00000007711d8000,0x0000000771200000)
  to   space 1536K, 0% used [0x0000000770f00000,0x0000000770f00000,0x0000000771080000)
 ParOldGen       total 175104K, used 34027K [0x00000006c1c00000, 0x00000006cc700000, 0x000000076b400000)
  object space 175104K, 19% used [0x00000006c1c00000,0x00000006c3d3ad48,0x00000006cc700000)
 Metaspace       used 9712K, capacity 10099K, committed 10368K, reserved 1058816K
  class space    used 1015K, capacity 1090K, committed 1152K, reserved 1048576K
Event: 92.020 GC heap after
Heap after GC invocations=73 (full 0):
 PSYoungGen      total 54784K, used 676K [0x000000076b400000, 0x0000000771200000, 0x00000007c0000000)
  eden space 53248K, 0% used [0x000000076b400000,0x000000076b400000,0x000000076e800000)
  from space 1536K, 44% used [0x0000000770f00000,0x0000000770fa9010,0x0000000771080000)
  to   space 1536K, 0% used [0x0000000771080000,0x0000000771080000,0x0000000771200000)
 ParOldGen       total 175104K, used 34387K [0x00000006c1c00000, 0x00000006cc700000, 0x000000076b400000)
  object space 175104K, 19% used [0x00000006c1c00000,0x00000006c3d94d48,0x00000006cc700000)
 Metaspace       used 9712K, capacity 10099K, committed 10368K, reserved 1058816K
  class space    used 1015K, capacity 1090K, committed 1152K, reserved 1048576K
}

