# JRE version: Java(TM) SE Runtime Environment (8.0_181-b13) (build 1.8.0_181-b13)
# Java VM: Java HotSpot(TM) 64-Bit Server VM (25.181-b13 mixed mode windows-amd64 compressed oops)
Heap:
 PSYoungGen      total 70656K, used 7539K [0x000000076b400000, 0x0000000770080000, 0x00000007c0000000)
  eden space 64000K, 2% used [0x000000076b400000,0x000000076b540218,0x000000076f280000)
  from space 6656K, 94% used [0x000000076f400000,0x000000076fa1cc60,0x000000076fa80000)
  to   space 6144K, 0% used [0x000000076fa80000,0x000000076fa80000,0x0000000770080000)
 ParOldGen       total 175104K, used 40K [0x00000006c1c00000, 0x00000006cc700000, 0x000000076b400000)
  object space 175104K, 0% used [0x00000006c1c00000,0x00000006c1c0a000,0x00000006cc700000)
 Metaspace       used 9193K, capacity 9481K, committed 9856K, reserved 1058816K
  class space    used 970K, capacity 1047K, committed 1152K, reserved 1048576K
GC Heap History (10 events):
Event: 0.823 GC heap before
{Heap before GC invocations=1 (full 0):
 PSYoungGen      total 76288K, used 65536K [0x000000076b400000, 0x0000000770900000, 0x00000007c0000000)
  eden space 65536K, 100% used [0x000000076b400000,0x000000076f400000,0x000000076f400000)
  from space 10752K, 0% used [0x000000076fe80000,0x000000076fe80000,0x0000000770900000)
  to   space 10752K, 0% used [0x000000076f400000,0x000000076f400000,0x000000076fe80000)
 ParOldGen       total 175104K, used 0K [0x00000006c1c00000, 0x00000006cc700000, 0x000000076b400000)
  object space 175104K, 0% used [0x00000006c1c00000,0x00000006c1c00000,0x00000006cc700000)
 Metaspace       used 7281K, capacity 7463K, committed 7552K, reserved 1056768K
  class space    used 772K, capacity 840K, committed 896K, reserved 1048576K
Event: 0.826 GC heap after
Heap after GC invocations=1 (full 0):
 PSYoungGen      total 76288K, used 2702K [0x000000076b400000, 0x0000000770900000, 0x00000007c0000000)
  eden space 65536K, 0% used [0x000000076b400000,0x000000076b400000,0x000000076f400000)
  from space 10752K, 25% used [0x000000076f400000,0x000000076f6a3990,0x000000076fe80000)
  to   space 10752K, 0% used [0x000000076fe80000,0x000000076fe80000,0x0000000770900000)
 ParOldGen       total 175104K, used 8K [0x00000006c1c00000, 0x00000006cc700000, 0x000000076b400000)
  object space 175104K, 0% used [0x00000006c1c00000,0x00000006c1c02000,0x00000006cc700000)
 Metaspace       used 7281K, capacity 7463K, committed 7552K, reserved 1056768K
  class space    used 772K, capacity 840K, committed 896K, reserved 1048576K
}
Event: 3.303 GC heap before
{Heap before GC invocations=2 (full 0):
 PSYoungGen      total 76288K, used 68238K [0x000000076b400000, 0x0000000770900000, 0x00000007c0000000)
  eden space 65536K, 100% used [0x000000076b400000,0x000000076f400000,0x000000076f400000)
  from space 10752K, 25% used [0x000000076f400000,0x000000076f6a3990,0x000000076fe80000)
  to   space 10752K, 0% used [0x000000076fe80000,0x000000076fe80000,0x0000000770900000)
 ParOldGen       total 175104K, used 8K [0x00000006c1c00000, 0x00000006cc700000, 0x000000076b400000)
  object space 175104K, 0% used [0x00000006c1c00000,0x00000006c1c02000,0x00000006cc700000)
 Metaspace       used 8612K, capacity 8963K, committed 9216K, reserved 1056768K
  class space    used 909K, capacity 1010K, committed 1024K, reserved 1048576K
Event: 3.310 GC heap after
Heap after GC invocations=2 (full 0):
 PSYoungGen      total 76288K, used 3636K [0x000000076b400000, 0x0000000770900000, 0x00000007c0000000)
  eden space 65536K, 0% used [0x000000076b400000,0x000000076b400000,0x000000076f400000)
  from space 10752K, 33% used [0x000000076fe80000,0x000000077020d3a0,0x0000000770900000)
  to   space 10752K, 0% used [0x000000076f400000,0x000000076f400000,0x000000076fe80000)
 ParOldGen       total 175104K, used 16K [0x00000006c1c00000, 0x00000006cc700000, 0x000000076b400000)
  object space 175104K, 0% used [0x00000006c1c00000,0x00000006c1c04000,0x00000006cc700000)
 Metaspace       used 8612K, capacity 8963K, committed 9216K, reserved 1056768K
  class space    used 909K, capacity 1010K, committed 1024K, reserved 1048576K
}
Event: 4.914 GC heap before
{Heap before GC invocations=3 (full 0):
 PSYoungGen      total 76288K, used 69172K [0x000000076b400000, 0x0000000770900000, 0x00000007c0000000)
  eden space 65536K, 100% used [0x000000076b400000,0x000000076f400000,0x000000076f400000)
  from space 10752K, 33% used [0x000000076fe80000,0x000000077020d3a0,0x0000000770900000)
  to   space 10752K, 0% used [0x000000076f400000,0x000000076f400000,0x000000076fe80000)
 ParOldGen       total 175104K, used 16K [0x00000006c1c00000, 0x00000006cc700000, 0x000000076b400000)
  object space 175104K, 0% used [0x00000006c1c00000,0x00000006c1c04000,0x00000006cc700000)
 Metaspace       used 8660K, capacity 8971K, committed 9216K, reserved 1056768K
  class space    used 911K, capacity 1010K, committed 1024K, reserved 1048576K
Event: 4.919 GC heap after
Heap after GC invocations=3 (full 0):
 PSYoungGen      total 76288K, used 4308K [0x000000076b400000, 0x0000000770900000, 0x00000007c0000000)
  eden space 65536K, 0% used [0x000000076b400000,0x000000076b400000,0x000000076f400000)
  from space 10752K, 40% used [0x000000076f400000,0x000000076f8353b0,0x000000076fe80000)
  to   space 10752K, 0% used [0x000000076fe80000,0x000000076fe80000,0x0000000770900000)
 ParOldGen       total 175104K, used 24K [0x00000006c1c00000, 0x00000006cc700000, 0x000000076b400000)
  object space 175104K, 0% used [0x00000006c1c00000,0x00000006c1c06000,0x00000006cc700000)
 Metaspace       used 8660K, capacity 8971K, committed 9216K, reserved 1056768K
  class space    used 911K, capacity 1010K, committed 1024K, reserved 1048576K
}
Event: 7.879 GC heap before
{Heap before GC invocations=4 (full 0):
 PSYoungGen      total 76288K, used 69844K [0x000000076b400000, 0x0000000770900000, 0x00000007c0000000)
  eden space 65536K, 100% used [0x000000076b400000,0x000000076f400000,0x000000076f400000)
  from space 10752K, 40% used [0x000000076f400000,0x000000076f8353b0,0x000000076fe80000)
  to   space 10752K, 0% used [0x000000076fe80000,0x000000076fe80000,0x0000000770900000)
 ParOldGen       total 175104K, used 24K [0x00000006c1c00000, 0x00000006cc700000, 0x000000076b400000)
  object space 175104K, 0% used [0x00000006c1c00000,0x00000006c1c06000,0x00000006cc700000)
 Metaspace       used 8768K, capacity 9169K, committed 9216K, reserved 1056768K
  class space    used 915K, capacity 1011K, committed 1024K, reserved 1048576K
Event: 7.886 GC heap after
Heap after GC invocations=4 (full 0):
 PSYoungGen      total 76288K, used 5140K [0x000000076b400000, 0x0000000770900000, 0x00000007c0000000)
  eden space 65536K, 0% used [0x000000076b400000,0x000000076b400000,0x000000076f400000)
  from space 10752K, 47% used [0x000000076fe80000,0x00000007703853b0,0x0000000770900000)
  to   space 10752K, 0% used [0x000000076f400000,0x000000076f400000,0x000000076fe80000)
 ParOldGen       total 175104K, used 32K [0x00000006c1c00000, 0x00000006cc700000, 0x000000076b400000)
  object space 175104K, 0% used [0x00000006c1c00000,0x00000006c1c08000,0x00000006cc700000)
 Metaspace       used 8768K, capacity 9169K, committed 9216K, reserved 1056768K
  class space    used 915K, capacity 1011K, committed 1024K, reserved 1048576K
}
Event: 12.500 GC heap before
{Heap before GC invocations=5 (full 0):
 PSYoungGen      total 76288K, used 70676K [0x000000076b400000, 0x0000000770900000, 0x00000007c0000000)
  eden space 65536K, 100% used [0x000000076b400000,0x000000076f400000,0x000000076f400000)
  from space 10752K, 47% used [0x000000076fe80000,0x00000007703853b0,0x0000000770900000)
  to   space 10752K, 0% used [0x000000076f400000,0x000000076f400000,0x000000076fe80000)
 ParOldGen       total 175104K, used 32K [0x00000006c1c00000, 0x00000006cc700000, 0x000000076b400000)
  object space 175104K, 0% used [0x00000006c1c00000,0x00000006c1c08000,0x00000006cc700000)
 Metaspace       used 9193K, capacity 9481K, committed 9856K, reserved 1058816K
  class space    used 970K, capacity 1047K, committed 1152K, reserved 1048576K
Event: 12.508 GC heap after
Heap after GC invocations=5 (full 0):
 PSYoungGen      total 70656K, used 6259K [0x000000076b400000, 0x0000000770080000, 0x00000007c0000000)
  eden space 64000K, 0% used [0x000000076b400000,0x000000076b400000,0x000000076f280000)
  from space 6656K, 94% used [0x000000076f400000,0x000000076fa1cc60,0x000000076fa80000)
  to   space 6144K, 0% used [0x000000076fa80000,0x000000076fa80000,0x0000000770080000)
 ParOldGen       total 175104K, used 40K [0x00000006c1c00000, 0x00000006cc700000, 0x000000076b400000)
  object space 175104K, 0% used [0x00000006c1c00000,0x00000006c1c0a000,0x00000006cc700000)
 Metaspace       used 9193K, capacity 9481K, committed 9856K, reserved 1058816K
  class space    used 970K, capacity 1047K, committed 1152K, reserved 1048576K
}

