# JRE version: Java(TM) SE Runtime Environment (8.0_181-b13) (build 1.8.0_181-b13)
# Java VM: Java HotSpot(TM) 64-Bit Server VM (25.181-b13 mixed mode windows-amd64 compressed oops)
Heap:
 PSYoungGen      total 41984K, used 39211K [0x000000076b400000, 0x000000076e100000, 0x00000007c0000000)
  eden space 39936K, 96% used [0x000000076b400000,0x000000076d9d2e98,0x000000076db00000)
  from space 2048K, 23% used [0x000000076df00000,0x000000076df78000,0x000000076e100000)
  to   space 3072K, 0% used [0x000000076db00000,0x000000076db00000,0x000000076de00000)
 ParOldGen       total 175104K, used 22518K [0x00000006c1c00000, 0x00000006cc700000, 0x000000076b400000)
  object space 175104K, 12% used [0x00000006c1c00000,0x00000006c31fda68,0x00000006cc700000)
 Metaspace       used 9273K, capacity 9551K, committed 9856K, reserved 1058816K
  class space    used 972K, capacity 1048K, committed 1152K, reserved 1048576K
GC Heap History (10 events):
Event: 41.915 GC heap before
{Heap before GC invocations=32 (full 0):
 PSYoungGen      total 43008K, used 42752K [0x000000076b400000, 0x000000076e580000, 0x00000007c0000000)
  eden space 42496K, 100% used [0x000000076b400000,0x000000076dd80000,0x000000076dd80000)
  from space 512K, 50% used [0x000000076de00000,0x000000076de40000,0x000000076de80000)
  to   space 4096K, 0% used [0x000000076e180000,0x000000076e180000,0x000000076e580000)
 ParOldGen       total 175104K, used 21438K [0x00000006c1c00000, 0x00000006cc700000, 0x000000076b400000)
  object space 175104K, 12% used [0x00000006c1c00000,0x00000006c30efa68,0x00000006cc700000)
 Metaspace       used 9265K, capacity 9551K, committed 9856K, reserved 1058816K
  class space    used 971K, capacity 1048K, committed 1152K, reserved 1048576K
Event: 41.916 GC heap after
Heap after GC invocations=32 (full 0):
 PSYoungGen      total 45568K, used 160K [0x000000076b400000, 0x000000076e500000, 0x00000007c0000000)
  eden space 41984K, 0% used [0x000000076b400000,0x000000076b400000,0x000000076dd00000)
  from space 3584K, 4% used [0x000000076e180000,0x000000076e1a8000,0x000000076e500000)
  to   space 4096K, 0% used [0x000000076dd00000,0x000000076dd00000,0x000000076e100000)
 ParOldGen       total 175104K, used 21654K [0x00000006c1c00000, 0x00000006cc700000, 0x000000076b400000)
  object space 175104K, 12% used [0x00000006c1c00000,0x00000006c3125a68,0x00000006cc700000)
 Metaspace       used 9265K, capacity 9551K, committed 9856K, reserved 1058816K
  class space    used 971K, capacity 1048K, committed 1152K, reserved 1048576K
}
Event: 42.365 GC heap before
{Heap before GC invocations=33 (full 0):
 PSYoungGen      total 45568K, used 42144K [0x000000076b400000, 0x000000076e500000, 0x00000007c0000000)
  eden space 41984K, 100% used [0x000000076b400000,0x000000076dd00000,0x000000076dd00000)
  from space 3584K, 4% used [0x000000076e180000,0x000000076e1a8000,0x000000076e500000)
  to   space 4096K, 0% used [0x000000076dd00000,0x000000076dd00000,0x000000076e100000)
 ParOldGen       total 175104K, used 21654K [0x00000006c1c00000, 0x00000006cc700000, 0x000000076b400000)
  object space 175104K, 12% used [0x00000006c1c00000,0x00000006c3125a68,0x00000006cc700000)
 Metaspace       used 9265K, capacity 9551K, committed 9856K, reserved 1058816K
  class space    used 971K, capacity 1048K, committed 1152K, reserved 1048576K
Event: 42.373 GC heap after
Heap after GC invocations=33 (full 0):
 PSYoungGen      total 41984K, used 192K [0x000000076b400000, 0x000000076e480000, 0x00000007c0000000)
  eden space 41472K, 0% used [0x000000076b400000,0x000000076b400000,0x000000076dc80000)
  from space 512K, 37% used [0x000000076dd00000,0x000000076dd30000,0x000000076dd80000)
  to   space 4096K, 0% used [0x000000076e080000,0x000000076e080000,0x000000076e480000)
 ParOldGen       total 175104K, used 21766K [0x00000006c1c00000, 0x00000006cc700000, 0x000000076b400000)
  object space 175104K, 12% used [0x00000006c1c00000,0x00000006c3141a68,0x00000006cc700000)
 Metaspace       used 9265K, capacity 9551K, committed 9856K, reserved 1058816K
  class space    used 971K, capacity 1048K, committed 1152K, reserved 1048576K
}
Event: 42.883 GC heap before
{Heap before GC invocations=34 (full 0):
 PSYoungGen      total 41984K, used 41664K [0x000000076b400000, 0x000000076e480000, 0x00000007c0000000)
  eden space 41472K, 100% used [0x000000076b400000,0x000000076dc80000,0x000000076dc80000)
  from space 512K, 37% used [0x000000076dd00000,0x000000076dd30000,0x000000076dd80000)
  to   space 4096K, 0% used [0x000000076e080000,0x000000076e080000,0x000000076e480000)
 ParOldGen       total 175104K, used 21766K [0x00000006c1c00000, 0x00000006cc700000, 0x000000076b400000)
  object space 175104K, 12% used [0x00000006c1c00000,0x00000006c3141a68,0x00000006cc700000)
 Metaspace       used 9265K, capacity 9551K, committed 9856K, reserved 1058816K
  class space    used 971K, capacity 1048K, committed 1152K, reserved 1048576K
Event: 42.884 GC heap after
Heap after GC invocations=34 (full 0):
 PSYoungGen      total 43520K, used 224K [0x000000076b400000, 0x000000076e300000, 0x00000007c0000000)
  eden space 40960K, 0% used [0x000000076b400000,0x000000076b400000,0x000000076dc00000)
  from space 2560K, 8% used [0x000000076e080000,0x000000076e0b8000,0x000000076e300000)
  to   space 3584K, 0% used [0x000000076dc00000,0x000000076dc00000,0x000000076df80000)
 ParOldGen       total 175104K, used 21910K [0x00000006c1c00000, 0x00000006cc700000, 0x000000076b400000)
  object space 175104K, 12% used [0x00000006c1c00000,0x00000006c3165a68,0x00000006cc700000)
 Metaspace       used 9265K, capacity 9551K, committed 9856K, reserved 1058816K
  class space    used 971K, capacity 1048K, committed 1152K, reserved 1048576K
}
Event: 43.515 GC heap before
{Heap before GC invocations=35 (full 0):
 PSYoungGen      total 43520K, used 41184K [0x000000076b400000, 0x000000076e300000, 0x00000007c0000000)
  eden space 40960K, 100% used [0x000000076b400000,0x000000076dc00000,0x000000076dc00000)
  from space 2560K, 8% used [0x000000076e080000,0x000000076e0b8000,0x000000076e300000)
  to   space 3584K, 0% used [0x000000076dc00000,0x000000076dc00000,0x000000076df80000)
 ParOldGen       total 175104K, used 21910K [0x00000006c1c00000, 0x00000006cc700000, 0x000000076b400000)
  object space 175104K, 12% used [0x00000006c1c00000,0x00000006c3165a68,0x00000006cc700000)
 Metaspace       used 9265K, capacity 9551K, committed 9856K, reserved 1058816K
  class space    used 971K, capacity 1048K, committed 1152K, reserved 1048576K
Event: 43.520 GC heap after
Heap after GC invocations=35 (full 0):
 PSYoungGen      total 40960K, used 448K [0x000000076b400000, 0x000000076e280000, 0x00000007c0000000)
  eden space 40448K, 0% used [0x000000076b400000,0x000000076b400000,0x000000076db80000)
  from space 512K, 87% used [0x000000076dc00000,0x000000076dc70000,0x000000076dc80000)
  to   space 3584K, 0% used [0x000000076df00000,0x000000076df00000,0x000000076e280000)
 ParOldGen       total 175104K, used 22094K [0x00000006c1c00000, 0x00000006cc700000, 0x000000076b400000)
  object space 175104K, 12% used [0x00000006c1c00000,0x00000006c3193a68,0x00000006cc700000)
 Metaspace       used 9265K, capacity 9551K, committed 9856K, reserved 1058816K
  class space    used 971K, capacity 1048K, committed 1152K, reserved 1048576K
}
Event: 44.132 GC heap before
{Heap before GC invocations=36 (full 0):
 PSYoungGen      total 40960K, used 40896K [0x000000076b400000, 0x000000076e280000, 0x00000007c0000000)
  eden space 40448K, 100% used [0x000000076b400000,0x000000076db80000,0x000000076db80000)
  from space 512K, 87% used [0x000000076dc00000,0x000000076dc70000,0x000000076dc80000)
  to   space 3584K, 0% used [0x000000076df00000,0x000000076df00000,0x000000076e280000)
 ParOldGen       total 175104K, used 22094K [0x00000006c1c00000, 0x00000006cc700000, 0x000000076b400000)
  object space 175104K, 12% used [0x00000006c1c00000,0x00000006c3193a68,0x00000006cc700000)
 Metaspace       used 9265K, capacity 9551K, committed 9856K, reserved 1058816K
  class space    used 971K, capacity 1048K, committed 1152K, reserved 1048576K
Event: 44.134 GC heap after
Heap after GC invocations=36 (full 0):
 PSYoungGen      total 41984K, used 480K [0x000000076b400000, 0x000000076e100000, 0x00000007c0000000)
  eden space 39936K, 0% used [0x000000076b400000,0x000000076b400000,0x000000076db00000)
  from space 2048K, 23% used [0x000000076df00000,0x000000076df78000,0x000000076e100000)
  to   space 3072K, 0% used [0x000000076db00000,0x000000076db00000,0x000000076de00000)
 ParOldGen       total 175104K, used 22518K [0x00000006c1c00000, 0x00000006cc700000, 0x000000076b400000)
  object space 175104K, 12% used [0x00000006c1c00000,0x00000006c31fda68,0x00000006cc700000)
 Metaspace       used 9265K, capacity 9551K, committed 9856K, reserved 1058816K
  class space    used 971K, capacity 1048K, committed 1152K, reserved 1048576K
}

