# JRE version: Java(TM) SE Runtime Environment (8.0_181-b13) (build 1.8.0_181-b13)
# Java VM: Java HotSpot(TM) 64-Bit Server VM (25.181-b13 mixed mode windows-amd64 compressed oops)
Heap:
 PSYoungGen      total 67072K, used 56178K [0x000000076b400000, 0x000000076fe00000, 0x00000007c0000000)
  eden space 60416K, 88% used [0x000000076b400000,0x000000076e7ecb50,0x000000076ef00000)
  from space 6656K, 45% used [0x000000076f780000,0x000000076fa70010,0x000000076fe00000)
  to   space 7680K, 0% used [0x000000076ef00000,0x000000076ef00000,0x000000076f680000)
 ParOldGen       total 175104K, used 5418K [0x00000006c1c00000, 0x00000006cc700000, 0x000000076b400000)
  object space 175104K, 3% used [0x00000006c1c00000,0x00000006c214a8a0,0x00000006cc700000)
 Metaspace       used 9064K, capacity 9359K, committed 9600K, reserved 1058816K
  class space    used 954K, capacity 1044K, committed 1152K, reserved 1048576K
GC Heap History (10 events):
Event: 15.929 GC heap before
{Heap before GC invocations=4 (full 0):
 PSYoungGen      total 76288K, used 69620K [0x000000076b400000, 0x0000000770900000, 0x00000007c0000000)
  eden space 65536K, 100% used [0x000000076b400000,0x000000076f400000,0x000000076f400000)
  from space 10752K, 37% used [0x000000076f400000,0x000000076f7fd3a0,0x000000076fe80000)
  to   space 10752K, 0% used [0x000000076fe80000,0x000000076fe80000,0x0000000770900000)
 ParOldGen       total 175104K, used 32K [0x00000006c1c00000, 0x00000006cc700000, 0x000000076b400000)
  object space 175104K, 0% used [0x00000006c1c00000,0x00000006c1c08000,0x00000006cc700000)
 Metaspace       used 8987K, capacity 9351K, committed 9600K, reserved 1058816K
  class space    used 953K, capacity 1044K, committed 1152K, reserved 1048576K
Event: 15.935 GC heap after
Heap after GC invocations=4 (full 0):
 PSYoungGen      total 76288K, used 5108K [0x000000076b400000, 0x0000000770900000, 0x00000007c0000000)
  eden space 65536K, 0% used [0x000000076b400000,0x000000076b400000,0x000000076f400000)
  from space 10752K, 47% used [0x000000076fe80000,0x000000077037d3b0,0x0000000770900000)
  to   space 10752K, 0% used [0x000000076f400000,0x000000076f400000,0x000000076fe80000)
 ParOldGen       total 175104K, used 40K [0x00000006c1c00000, 0x00000006cc700000, 0x000000076b400000)
  object space 175104K, 0% used [0x00000006c1c00000,0x00000006c1c0a000,0x00000006cc700000)
 Metaspace       used 8987K, capacity 9351K, committed 9600K, reserved 1058816K
  class space    used 953K, capacity 1044K, committed 1152K, reserved 1048576K
}
Event: 19.038 GC heap before
{Heap before GC invocations=5 (full 0):
 PSYoungGen      total 76288K, used 70644K [0x000000076b400000, 0x0000000770900000, 0x00000007c0000000)
  eden space 65536K, 100% used [0x000000076b400000,0x000000076f400000,0x000000076f400000)
  from space 10752K, 47% used [0x000000076fe80000,0x000000077037d3b0,0x0000000770900000)
  to   space 10752K, 0% used [0x000000076f400000,0x000000076f400000,0x000000076fe80000)
 ParOldGen       total 175104K, used 40K [0x00000006c1c00000, 0x00000006cc700000, 0x000000076b400000)
  object space 175104K, 0% used [0x00000006c1c00000,0x00000006c1c0a000,0x00000006cc700000)
 Metaspace       used 9028K, capacity 9351K, committed 9600K, reserved 1058816K
  class space    used 953K, capacity 1044K, committed 1152K, reserved 1048576K
Event: 19.054 GC heap after
Heap after GC invocations=5 (full 0):
 PSYoungGen      total 70656K, used 6276K [0x000000076b400000, 0x0000000770080000, 0x00000007c0000000)
  eden space 64000K, 0% used [0x000000076b400000,0x000000076b400000,0x000000076f280000)
  from space 6656K, 94% used [0x000000076f400000,0x000000076fa213a0,0x000000076fa80000)
  to   space 6144K, 0% used [0x000000076fa80000,0x000000076fa80000,0x0000000770080000)
 ParOldGen       total 175104K, used 48K [0x00000006c1c00000, 0x00000006cc700000, 0x000000076b400000)
  object space 175104K, 0% used [0x00000006c1c00000,0x00000006c1c0c000,0x00000006cc700000)
 Metaspace       used 9028K, capacity 9351K, committed 9600K, reserved 1058816K
  class space    used 953K, capacity 1044K, committed 1152K, reserved 1048576K
}
Event: 21.583 GC heap before
{Heap before GC invocations=6 (full 0):
 PSYoungGen      total 70656K, used 70276K [0x000000076b400000, 0x0000000770080000, 0x00000007c0000000)
  eden space 64000K, 100% used [0x000000076b400000,0x000000076f280000,0x000000076f280000)
  from space 6656K, 94% used [0x000000076f400000,0x000000076fa213a0,0x000000076fa80000)
  to   space 6144K, 0% used [0x000000076fa80000,0x000000076fa80000,0x0000000770080000)
 ParOldGen       total 175104K, used 48K [0x00000006c1c00000, 0x00000006cc700000, 0x000000076b400000)
  object space 175104K, 0% used [0x00000006c1c00000,0x00000006c1c0c000,0x00000006cc700000)
 Metaspace       used 9049K, capacity 9359K, committed 9600K, reserved 1058816K
  class space    used 953K, capacity 1044K, committed 1152K, reserved 1048576K
Event: 21.591 GC heap after
Heap after GC invocations=6 (full 0):
 PSYoungGen      total 68608K, used 6116K [0x000000076b400000, 0x0000000770100000, 0x00000007c0000000)
  eden space 62464K, 0% used [0x000000076b400000,0x000000076b400000,0x000000076f100000)
  from space 6144K, 99% used [0x000000076fa80000,0x00000007700793a0,0x0000000770080000)
  to   space 8192K, 0% used [0x000000076f100000,0x000000076f100000,0x000000076f900000)
 ParOldGen       total 175104K, used 736K [0x00000006c1c00000, 0x00000006cc700000, 0x000000076b400000)
  object space 175104K, 0% used [0x00000006c1c00000,0x00000006c1cb8000,0x00000006cc700000)
 Metaspace       used 9049K, capacity 9359K, committed 9600K, reserved 1058816K
  class space    used 953K, capacity 1044K, committed 1152K, reserved 1048576K
}
Event: 23.210 GC heap before
{Heap before GC invocations=7 (full 0):
 PSYoungGen      total 68608K, used 68580K [0x000000076b400000, 0x0000000770100000, 0x00000007c0000000)
  eden space 62464K, 100% used [0x000000076b400000,0x000000076f100000,0x000000076f100000)
  from space 6144K, 99% used [0x000000076fa80000,0x00000007700793a0,0x0000000770080000)
  to   space 8192K, 0% used [0x000000076f100000,0x000000076f100000,0x000000076f900000)
 ParOldGen       total 175104K, used 736K [0x00000006c1c00000, 0x00000006cc700000, 0x000000076b400000)
  object space 175104K, 0% used [0x00000006c1c00000,0x00000006c1cb8000,0x00000006cc700000)
 Metaspace       used 9053K, capacity 9359K, committed 9600K, reserved 1058816K
  class space    used 953K, capacity 1044K, committed 1152K, reserved 1048576K
Event: 23.222 GC heap after
Heap after GC invocations=7 (full 0):
 PSYoungGen      total 65536K, used 3648K [0x000000076b400000, 0x000000076ff00000, 0x00000007c0000000)
  eden space 61440K, 0% used [0x000000076b400000,0x000000076b400000,0x000000076f000000)
  from space 4096K, 89% used [0x000000076f100000,0x000000076f490010,0x000000076f500000)
  to   space 7680K, 0% used [0x000000076f780000,0x000000076f780000,0x000000076ff00000)
 ParOldGen       total 175104K, used 3866K [0x00000006c1c00000, 0x00000006cc700000, 0x000000076b400000)
  object space 175104K, 2% used [0x00000006c1c00000,0x00000006c1fc68a0,0x00000006cc700000)
 Metaspace       used 9053K, capacity 9359K, committed 9600K, reserved 1058816K
  class space    used 953K, capacity 1044K, committed 1152K, reserved 1048576K
}
Event: 25.840 GC heap before
{Heap before GC invocations=8 (full 0):
 PSYoungGen      total 65536K, used 65088K [0x000000076b400000, 0x000000076ff00000, 0x00000007c0000000)
  eden space 61440K, 100% used [0x000000076b400000,0x000000076f000000,0x000000076f000000)
  from space 4096K, 89% used [0x000000076f100000,0x000000076f490010,0x000000076f500000)
  to   space 7680K, 0% used [0x000000076f780000,0x000000076f780000,0x000000076ff00000)
 ParOldGen       total 175104K, used 3866K [0x00000006c1c00000, 0x00000006cc700000, 0x000000076b400000)
  object space 175104K, 2% used [0x00000006c1c00000,0x00000006c1fc68a0,0x00000006cc700000)
 Metaspace       used 9056K, capacity 9359K, committed 9600K, reserved 1058816K
  class space    used 953K, capacity 1044K, committed 1152K, reserved 1048576K
Event: 25.844 GC heap after
Heap after GC invocations=8 (full 0):
 PSYoungGen      total 67072K, used 3008K [0x000000076b400000, 0x000000076fe00000, 0x00000007c0000000)
  eden space 60416K, 0% used [0x000000076b400000,0x000000076b400000,0x000000076ef00000)
  from space 6656K, 45% used [0x000000076f780000,0x000000076fa70010,0x000000076fe00000)
  to   space 7680K, 0% used [0x000000076ef00000,0x000000076ef00000,0x000000076f680000)
 ParOldGen       total 175104K, used 5418K [0x00000006c1c00000, 0x00000006cc700000, 0x000000076b400000)
  object space 175104K, 3% used [0x00000006c1c00000,0x00000006c214a8a0,0x00000006cc700000)
 Metaspace       used 9056K, capacity 9359K, committed 9600K, reserved 1058816K
  class space    used 953K, capacity 1044K, committed 1152K, reserved 1048576K
}

