# JRE version: Java(TM) SE Runtime Environment (8.0_181-b13) (build 1.8.0_181-b13)
# Java VM: Java HotSpot(TM) 64-Bit Server VM (25.181-b13 mixed mode windows-amd64 compressed oops)
Heap:
 PSYoungGen      total 65536K, used 4616K [0x000000076b400000, 0x0000000771680000, 0x00000007c0000000)
  eden space 65024K, 7% used [0x000000076b400000,0x000000076b872108,0x000000076f380000)
  from space 512K, 12% used [0x0000000771600000,0x0000000771610000,0x0000000771680000)
  to   space 512K, 0% used [0x0000000771580000,0x0000000771580000,0x0000000771600000)
 ParOldGen       total 175104K, used 26396K [0x00000006c1c00000, 0x00000006cc700000, 0x000000076b400000)
  object space 175104K, 15% used [0x00000006c1c00000,0x00000006c35c7290,0x00000006cc700000)
 Metaspace       used 9311K, capacity 9629K, committed 9856K, reserved 1058816K
  class space    used 974K, capacity 1049K, committed 1152K, reserved 1048576K
GC Heap History (10 events):
Event: 81.634 GC heap before
{Heap before GC invocations=70 (full 0):
 PSYoungGen      total 73728K, used 72768K [0x000000076b400000, 0x0000000771780000, 0x00000007c0000000)
  eden space 72704K, 100% used [0x000000076b400000,0x000000076fb00000,0x000000076fb00000)
  from space 1024K, 6% used [0x0000000771580000,0x0000000771590000,0x0000000771680000)
  to   space 1024K, 0% used [0x0000000771680000,0x0000000771680000,0x0000000771780000)
 ParOldGen       total 175104K, used 26268K [0x00000006c1c00000, 0x00000006cc700000, 0x000000076b400000)
  object space 175104K, 15% used [0x00000006c1c00000,0x00000006c35a7290,0x00000006cc700000)
 Metaspace       used 9304K, capacity 9629K, committed 9856K, reserved 1058816K
  class space    used 972K, capacity 1049K, committed 1152K, reserved 1048576K
Event: 81.635 GC heap after
Heap after GC invocations=70 (full 0):
 PSYoungGen      total 71680K, used 32K [0x000000076b400000, 0x0000000771700000, 0x00000007c0000000)
  eden space 71168K, 0% used [0x000000076b400000,0x000000076b400000,0x000000076f980000)
  from space 512K, 6% used [0x0000000771680000,0x0000000771688000,0x0000000771700000)
  to   space 1024K, 0% used [0x0000000771500000,0x0000000771500000,0x0000000771600000)
 ParOldGen       total 175104K, used 26284K [0x00000006c1c00000, 0x00000006cc700000, 0x000000076b400000)
  object space 175104K, 15% used [0x00000006c1c00000,0x00000006c35ab290,0x00000006cc700000)
 Metaspace       used 9304K, capacity 9629K, committed 9856K, reserved 1058816K
  class space    used 972K, capacity 1049K, committed 1152K, reserved 1048576K
}
Event: 81.745 GC heap before
{Heap before GC invocations=71 (full 0):
 PSYoungGen      total 71680K, used 71200K [0x000000076b400000, 0x0000000771700000, 0x00000007c0000000)
  eden space 71168K, 100% used [0x000000076b400000,0x000000076f980000,0x000000076f980000)
  from space 512K, 6% used [0x0000000771680000,0x0000000771688000,0x0000000771700000)
  to   space 1024K, 0% used [0x0000000771500000,0x0000000771500000,0x0000000771600000)
 ParOldGen       total 175104K, used 26284K [0x00000006c1c00000, 0x00000006cc700000, 0x000000076b400000)
  object space 175104K, 15% used [0x00000006c1c00000,0x00000006c35ab290,0x00000006cc700000)
 Metaspace       used 9304K, capacity 9629K, committed 9856K, reserved 1058816K
  class space    used 972K, capacity 1049K, committed 1152K, reserved 1048576K
Event: 81.746 GC heap after
Heap after GC invocations=71 (full 0):
 PSYoungGen      total 70656K, used 64K [0x000000076b400000, 0x0000000771700000, 0x00000007c0000000)
  eden space 69632K, 0% used [0x000000076b400000,0x000000076b400000,0x000000076f800000)
  from space 1024K, 6% used [0x0000000771500000,0x0000000771510000,0x0000000771600000)
  to   space 1024K, 0% used [0x0000000771600000,0x0000000771600000,0x0000000771700000)
 ParOldGen       total 175104K, used 26300K [0x00000006c1c00000, 0x00000006cc700000, 0x000000076b400000)
  object space 175104K, 15% used [0x00000006c1c00000,0x00000006c35af290,0x00000006cc700000)
 Metaspace       used 9304K, capacity 9629K, committed 9856K, reserved 1058816K
  class space    used 972K, capacity 1049K, committed 1152K, reserved 1048576K
}
Event: 81.858 GC heap before
{Heap before GC invocations=72 (full 0):
 PSYoungGen      total 70656K, used 69696K [0x000000076b400000, 0x0000000771700000, 0x00000007c0000000)
  eden space 69632K, 100% used [0x000000076b400000,0x000000076f800000,0x000000076f800000)
  from space 1024K, 6% used [0x0000000771500000,0x0000000771510000,0x0000000771600000)
  to   space 1024K, 0% used [0x0000000771600000,0x0000000771600000,0x0000000771700000)
 ParOldGen       total 175104K, used 26300K [0x00000006c1c00000, 0x00000006cc700000, 0x000000076b400000)
  object space 175104K, 15% used [0x00000006c1c00000,0x00000006c35af290,0x00000006cc700000)
 Metaspace       used 9304K, capacity 9629K, committed 9856K, reserved 1058816K
  class space    used 972K, capacity 1049K, committed 1152K, reserved 1048576K
Event: 81.859 GC heap after
Heap after GC invocations=72 (full 0):
 PSYoungGen      total 68608K, used 64K [0x000000076b400000, 0x0000000771680000, 0x00000007c0000000)
  eden space 68096K, 0% used [0x000000076b400000,0x000000076b400000,0x000000076f680000)
  from space 512K, 12% used [0x0000000771600000,0x0000000771610000,0x0000000771680000)
  to   space 1024K, 0% used [0x0000000771480000,0x0000000771480000,0x0000000771580000)
 ParOldGen       total 175104K, used 26324K [0x00000006c1c00000, 0x00000006cc700000, 0x000000076b400000)
  object space 175104K, 15% used [0x00000006c1c00000,0x00000006c35b5290,0x00000006cc700000)
 Metaspace       used 9304K, capacity 9629K, committed 9856K, reserved 1058816K
  class space    used 972K, capacity 1049K, committed 1152K, reserved 1048576K
}
Event: 81.970 GC heap before
{Heap before GC invocations=73 (full 0):
 PSYoungGen      total 68608K, used 68160K [0x000000076b400000, 0x0000000771680000, 0x00000007c0000000)
  eden space 68096K, 100% used [0x000000076b400000,0x000000076f680000,0x000000076f680000)
  from space 512K, 12% used [0x0000000771600000,0x0000000771610000,0x0000000771680000)
  to   space 1024K, 0% used [0x0000000771480000,0x0000000771480000,0x0000000771580000)
 ParOldGen       total 175104K, used 26324K [0x00000006c1c00000, 0x00000006cc700000, 0x000000076b400000)
  object space 175104K, 15% used [0x00000006c1c00000,0x00000006c35b5290,0x00000006cc700000)
 Metaspace       used 9304K, capacity 9629K, committed 9856K, reserved 1058816K
  class space    used 972K, capacity 1049K, committed 1152K, reserved 1048576K
Event: 81.970 GC heap after
Heap after GC invocations=73 (full 0):
 PSYoungGen      total 67584K, used 96K [0x000000076b400000, 0x0000000771680000, 0x00000007c0000000)
  eden space 66560K, 0% used [0x000000076b400000,0x000000076b400000,0x000000076f500000)
  from space 1024K, 9% used [0x0000000771480000,0x0000000771498000,0x0000000771580000)
  to   space 512K, 0% used [0x0000000771600000,0x0000000771600000,0x0000000771680000)
 ParOldGen       total 175104K, used 26356K [0x00000006c1c00000, 0x00000006cc700000, 0x000000076b400000)
  object space 175104K, 15% used [0x00000006c1c00000,0x00000006c35bd290,0x00000006cc700000)
 Metaspace       used 9304K, capacity 9629K, committed 9856K, reserved 1058816K
  class space    used 972K, capacity 1049K, committed 1152K, reserved 1048576K
}
Event: 82.076 GC heap before
{Heap before GC invocations=74 (full 0):
 PSYoungGen      total 67584K, used 66656K [0x000000076b400000, 0x0000000771680000, 0x00000007c0000000)
  eden space 66560K, 100% used [0x000000076b400000,0x000000076f500000,0x000000076f500000)
  from space 1024K, 9% used [0x0000000771480000,0x0000000771498000,0x0000000771580000)
  to   space 512K, 0% used [0x0000000771600000,0x0000000771600000,0x0000000771680000)
 ParOldGen       total 175104K, used 26356K [0x00000006c1c00000, 0x00000006cc700000, 0x000000076b400000)
  object space 175104K, 15% used [0x00000006c1c00000,0x00000006c35bd290,0x00000006cc700000)
 Metaspace       used 9304K, capacity 9629K, committed 9856K, reserved 1058816K
  class space    used 972K, capacity 1049K, committed 1152K, reserved 1048576K
Event: 82.076 GC heap after
Heap after GC invocations=74 (full 0):
 PSYoungGen      total 65536K, used 64K [0x000000076b400000, 0x0000000771680000, 0x00000007c0000000)
  eden space 65024K, 0% used [0x000000076b400000,0x000000076b400000,0x000000076f380000)
  from space 512K, 12% used [0x0000000771600000,0x0000000771610000,0x0000000771680000)
  to   space 512K, 0% used [0x0000000771580000,0x0000000771580000,0x0000000771600000)
 ParOldGen       total 175104K, used 26396K [0x00000006c1c00000, 0x00000006cc700000, 0x000000076b400000)
  object space 175104K, 15% used [0x00000006c1c00000,0x00000006c35c7290,0x00000006cc700000)
 Metaspace       used 9304K, capacity 9629K, committed 9856K, reserved 1058816K
  class space    used 972K, capacity 1049K, committed 1152K, reserved 1048576K
}

