# JRE version: Java(TM) SE Runtime Environment (8.0_181-b13) (build 1.8.0_181-b13)
# Java VM: Java HotSpot(TM) 64-Bit Server VM (25.181-b13 mixed mode windows-amd64 compressed oops)
Heap:
 PSYoungGen      total 64000K, used 33051K [0x000000076b400000, 0x000000076fc00000, 0x00000007c0000000)
  eden space 56320K, 56% used [0x000000076b400000,0x000000076d31ddc0,0x000000076eb00000)
  from space 7680K, 15% used [0x000000076f480000,0x000000076f5a9010,0x000000076fc00000)
  to   space 8704K, 0% used [0x000000076eb00000,0x000000076eb00000,0x000000076f380000)
 ParOldGen       total 175104K, used 12698K [0x00000006c1c00000, 0x00000006cc700000, 0x000000076b400000)
  object space 175104K, 7% used [0x00000006c1c00000,0x00000006c2866b70,0x00000006cc700000)
 Metaspace       used 9259K, capacity 9633K, committed 9856K, reserved 1058816K
  class space    used 972K, capacity 1051K, committed 1152K, reserved 1048576K
GC Heap History (10 events):
Event: 24.189 GC heap before
{Heap before GC invocations=8 (full 0):
 PSYoungGen      total 65024K, used 64638K [0x000000076b400000, 0x000000076fc00000, 0x00000007c0000000)
  eden space 61440K, 100% used [0x000000076b400000,0x000000076f000000,0x000000076f000000)
  from space 3584K, 89% used [0x000000076f280000,0x000000076f59f8c0,0x000000076f600000)
  to   space 6144K, 0% used [0x000000076f600000,0x000000076f600000,0x000000076fc00000)
 ParOldGen       total 175104K, used 3218K [0x00000006c1c00000, 0x00000006cc700000, 0x000000076b400000)
  object space 175104K, 1% used [0x00000006c1c00000,0x00000006c1f24880,0x00000006cc700000)
 Metaspace       used 9182K, capacity 9551K, committed 9856K, reserved 1058816K
  class space    used 968K, capacity 1048K, committed 1152K, reserved 1048576K
Event: 24.195 GC heap after
Heap after GC invocations=8 (full 0):
 PSYoungGen      total 66048K, used 5332K [0x000000076b400000, 0x000000076fb80000, 0x00000007c0000000)
  eden space 60416K, 0% used [0x000000076b400000,0x000000076b400000,0x000000076ef00000)
  from space 5632K, 94% used [0x000000076f600000,0x000000076fb35140,0x000000076fb80000)
  to   space 6144K, 0% used [0x000000076ef80000,0x000000076ef80000,0x000000076f580000)
 ParOldGen       total 175104K, used 4346K [0x00000006c1c00000, 0x00000006cc700000, 0x000000076b400000)
  object space 175104K, 2% used [0x00000006c1c00000,0x00000006c203e880,0x00000006cc700000)
 Metaspace       used 9182K, capacity 9551K, committed 9856K, reserved 1058816K
  class space    used 968K, capacity 1048K, committed 1152K, reserved 1048576K
}
Event: 29.540 GC heap before
{Heap before GC invocations=9 (full 0):
 PSYoungGen      total 66048K, used 65748K [0x000000076b400000, 0x000000076fb80000, 0x00000007c0000000)
  eden space 60416K, 100% used [0x000000076b400000,0x000000076ef00000,0x000000076ef00000)
  from space 5632K, 94% used [0x000000076f600000,0x000000076fb35140,0x000000076fb80000)
  to   space 6144K, 0% used [0x000000076ef80000,0x000000076ef80000,0x000000076f580000)
 ParOldGen       total 175104K, used 4346K [0x00000006c1c00000, 0x00000006cc700000, 0x000000076b400000)
  object space 175104K, 2% used [0x00000006c1c00000,0x00000006c203e880,0x00000006cc700000)
 Metaspace       used 9191K, capacity 9557K, committed 9856K, reserved 1058816K
  class space    used 969K, capacity 1049K, committed 1152K, reserved 1048576K
Event: 29.544 GC heap after
Heap after GC invocations=9 (full 0):
 PSYoungGen      total 65536K, used 6120K [0x000000076b400000, 0x000000076fe00000, 0x00000007c0000000)
  eden space 59392K, 0% used [0x000000076b400000,0x000000076b400000,0x000000076ee00000)
  from space 6144K, 99% used [0x000000076ef80000,0x000000076f57a270,0x000000076f580000)
  to   space 8192K, 0% used [0x000000076f600000,0x000000076f600000,0x000000076fe00000)
 ParOldGen       total 175104K, used 7290K [0x00000006c1c00000, 0x00000006cc700000, 0x000000076b400000)
  object space 175104K, 4% used [0x00000006c1c00000,0x00000006c231e880,0x00000006cc700000)
 Metaspace       used 9191K, capacity 9557K, committed 9856K, reserved 1058816K
  class space    used 969K, capacity 1049K, committed 1152K, reserved 1048576K
}
Event: 31.356 GC heap before
{Heap before GC invocations=10 (full 0):
 PSYoungGen      total 65536K, used 65512K [0x000000076b400000, 0x000000076fe00000, 0x00000007c0000000)
  eden space 59392K, 100% used [0x000000076b400000,0x000000076ee00000,0x000000076ee00000)
  from space 6144K, 99% used [0x000000076ef80000,0x000000076f57a270,0x000000076f580000)
  to   space 8192K, 0% used [0x000000076f600000,0x000000076f600000,0x000000076fe00000)
 ParOldGen       total 175104K, used 7290K [0x00000006c1c00000, 0x00000006cc700000, 0x000000076b400000)
  object space 175104K, 4% used [0x00000006c1c00000,0x00000006c231e880,0x00000006cc700000)
 Metaspace       used 9192K, capacity 9557K, committed 9856K, reserved 1058816K
  class space    used 969K, capacity 1049K, committed 1152K, reserved 1048576K
Event: 31.360 GC heap after
Heap after GC invocations=10 (full 0):
 PSYoungGen      total 65536K, used 1406K [0x000000076b400000, 0x000000076fd00000, 0x00000007c0000000)
  eden space 58368K, 0% used [0x000000076b400000,0x000000076b400000,0x000000076ed00000)
  from space 7168K, 19% used [0x000000076f600000,0x000000076f75f8c0,0x000000076fd00000)
  to   space 8192K, 0% used [0x000000076ed00000,0x000000076ed00000,0x000000076f500000)
 ParOldGen       total 175104K, used 10374K [0x00000006c1c00000, 0x00000006cc700000, 0x000000076b400000)
  object space 175104K, 5% used [0x00000006c1c00000,0x00000006c26219d0,0x00000006cc700000)
 Metaspace       used 9192K, capacity 9557K, committed 9856K, reserved 1058816K
  class space    used 969K, capacity 1049K, committed 1152K, reserved 1048576K
}
Event: 33.739 GC heap before
{Heap before GC invocations=11 (full 0):
 PSYoungGen      total 65536K, used 59774K [0x000000076b400000, 0x000000076fd00000, 0x00000007c0000000)
  eden space 58368K, 100% used [0x000000076b400000,0x000000076ed00000,0x000000076ed00000)
  from space 7168K, 19% used [0x000000076f600000,0x000000076f75f8c0,0x000000076fd00000)
  to   space 8192K, 0% used [0x000000076ed00000,0x000000076ed00000,0x000000076f500000)
 ParOldGen       total 175104K, used 10374K [0x00000006c1c00000, 0x00000006cc700000, 0x000000076b400000)
  object space 175104K, 5% used [0x00000006c1c00000,0x00000006c26219d0,0x00000006cc700000)
 Metaspace       used 9196K, capacity 9557K, committed 9856K, reserved 1058816K
  class space    used 969K, capacity 1049K, committed 1152K, reserved 1048576K
Event: 33.742 GC heap after
Heap after GC invocations=11 (full 0):
 PSYoungGen      total 58880K, used 1054K [0x000000076b400000, 0x000000076fd00000, 0x00000007c0000000)
  eden space 57344K, 0% used [0x000000076b400000,0x000000076b400000,0x000000076ec00000)
  from space 1536K, 68% used [0x000000076ed00000,0x000000076ee078b0,0x000000076ee80000)
  to   space 8704K, 0% used [0x000000076f480000,0x000000076f480000,0x000000076fd00000)
 ParOldGen       total 175104K, used 11684K [0x00000006c1c00000, 0x00000006cc700000, 0x000000076b400000)
  object space 175104K, 6% used [0x00000006c1c00000,0x00000006c27692a0,0x00000006cc700000)
 Metaspace       used 9196K, capacity 9557K, committed 9856K, reserved 1058816K
  class space    used 969K, capacity 1049K, committed 1152K, reserved 1048576K
}
Event: 40.221 GC heap before
{Heap before GC invocations=12 (full 0):
 PSYoungGen      total 58880K, used 58398K [0x000000076b400000, 0x000000076fd00000, 0x00000007c0000000)
  eden space 57344K, 100% used [0x000000076b400000,0x000000076ec00000,0x000000076ec00000)
  from space 1536K, 68% used [0x000000076ed00000,0x000000076ee078b0,0x000000076ee80000)
  to   space 8704K, 0% used [0x000000076f480000,0x000000076f480000,0x000000076fd00000)
 ParOldGen       total 175104K, used 11684K [0x00000006c1c00000, 0x00000006cc700000, 0x000000076b400000)
  object space 175104K, 6% used [0x00000006c1c00000,0x00000006c27692a0,0x00000006cc700000)
 Metaspace       used 9228K, capacity 9569K, committed 9856K, reserved 1058816K
  class space    used 971K, capacity 1051K, committed 1152K, reserved 1048576K
Event: 40.224 GC heap after
Heap after GC invocations=12 (full 0):
 PSYoungGen      total 64000K, used 1188K [0x000000076b400000, 0x000000076fc00000, 0x00000007c0000000)
  eden space 56320K, 0% used [0x000000076b400000,0x000000076b400000,0x000000076eb00000)
  from space 7680K, 15% used [0x000000076f480000,0x000000076f5a9010,0x000000076fc00000)
  to   space 8704K, 0% used [0x000000076eb00000,0x000000076eb00000,0x000000076f380000)
 ParOldGen       total 175104K, used 12698K [0x00000006c1c00000, 0x00000006cc700000, 0x000000076b400000)
  object space 175104K, 7% used [0x00000006c1c00000,0x00000006c2866b70,0x00000006cc700000)
 Metaspace       used 9228K, capacity 9569K, committed 9856K, reserved 1058816K
  class space    used 971K, capacity 1051K, committed 1152K, reserved 1048576K
}

