# JRE version: Java(TM) SE Runtime Environment (8.0_181-b13) (build 1.8.0_181-b13)
# Java VM: Java HotSpot(TM) 64-Bit Server VM (25.181-b13 mixed mode windows-amd64 compressed oops)
Heap:
 PSYoungGen      total 49152K, used 18295K [0x000000076b400000, 0x0000000770800000, 0x00000007c0000000)
  eden space 47616K, 38% used [0x000000076b400000,0x000000076c5adff0,0x000000076e280000)
  from space 1536K, 12% used [0x0000000770500000,0x0000000770530000,0x0000000770680000)
  to   space 1536K, 0% used [0x0000000770680000,0x0000000770680000,0x0000000770800000)
 ParOldGen       total 175104K, used 36881K [0x00000006c1c00000, 0x00000006cc700000, 0x000000076b400000)
  object space 175104K, 21% used [0x00000006c1c00000,0x00000006c4004550,0x00000006cc700000)
 Metaspace       used 9577K, capacity 9911K, committed 10112K, reserved 1058816K
  class space    used 1011K, capacity 1080K, committed 1152K, reserved 1048576K
GC Heap History (10 events):
Event: 107.910 GC heap before
{Heap before GC invocations=83 (full 0):
 PSYoungGen      total 52736K, used 52480K [0x000000076b400000, 0x0000000770a00000, 0x00000007c0000000)
  eden space 52224K, 100% used [0x000000076b400000,0x000000076e700000,0x000000076e700000)
  from space 512K, 50% used [0x0000000770980000,0x00000007709c0000,0x0000000770a00000)
  to   space 1536K, 0% used [0x0000000770700000,0x0000000770700000,0x0000000770880000)
 ParOldGen       total 175104K, used 35921K [0x00000006c1c00000, 0x00000006cc700000, 0x000000076b400000)
  object space 175104K, 20% used [0x00000006c1c00000,0x00000006c3f14550,0x00000006cc700000)
 Metaspace       used 9568K, capacity 9911K, committed 10112K, reserved 1058816K
  class space    used 1010K, capacity 1080K, committed 1152K, reserved 1048576K
Event: 107.911 GC heap after
Heap after GC invocations=83 (full 0):
 PSYoungGen      total 52736K, used 224K [0x000000076b400000, 0x0000000770a00000, 0x00000007c0000000)
  eden space 51200K, 0% used [0x000000076b400000,0x000000076b400000,0x000000076e600000)
  from space 1536K, 14% used [0x0000000770700000,0x0000000770738000,0x0000000770880000)
  to   space 1536K, 0% used [0x0000000770880000,0x0000000770880000,0x0000000770a00000)
 ParOldGen       total 175104K, used 36145K [0x00000006c1c00000, 0x00000006cc700000, 0x000000076b400000)
  object space 175104K, 20% used [0x00000006c1c00000,0x00000006c3f4c550,0x00000006cc700000)
 Metaspace       used 9568K, capacity 9911K, committed 10112K, reserved 1058816K
  class space    used 1010K, capacity 1080K, committed 1152K, reserved 1048576K
}
Event: 108.414 GC heap before
{Heap before GC invocations=84 (full 0):
 PSYoungGen      total 52736K, used 51424K [0x000000076b400000, 0x0000000770a00000, 0x00000007c0000000)
  eden space 51200K, 100% used [0x000000076b400000,0x000000076e600000,0x000000076e600000)
  from space 1536K, 14% used [0x0000000770700000,0x0000000770738000,0x0000000770880000)
  to   space 1536K, 0% used [0x0000000770880000,0x0000000770880000,0x0000000770a00000)
 ParOldGen       total 175104K, used 36145K [0x00000006c1c00000, 0x00000006cc700000, 0x000000076b400000)
  object space 175104K, 20% used [0x00000006c1c00000,0x00000006c3f4c550,0x00000006cc700000)
 Metaspace       used 9568K, capacity 9911K, committed 10112K, reserved 1058816K
  class space    used 1010K, capacity 1080K, committed 1152K, reserved 1048576K
Event: 108.415 GC heap after
Heap after GC invocations=84 (full 0):
 PSYoungGen      total 50688K, used 256K [0x000000076b400000, 0x0000000770900000, 0x00000007c0000000)
  eden space 50176K, 0% used [0x000000076b400000,0x000000076b400000,0x000000076e500000)
  from space 512K, 50% used [0x0000000770880000,0x00000007708c0000,0x0000000770900000)
  to   space 1536K, 0% used [0x0000000770600000,0x0000000770600000,0x0000000770780000)
 ParOldGen       total 175104K, used 36345K [0x00000006c1c00000, 0x00000006cc700000, 0x000000076b400000)
  object space 175104K, 20% used [0x00000006c1c00000,0x00000006c3f7e550,0x00000006cc700000)
 Metaspace       used 9568K, capacity 9911K, committed 10112K, reserved 1058816K
  class space    used 1010K, capacity 1080K, committed 1152K, reserved 1048576K
}
Event: 108.863 GC heap before
{Heap before GC invocations=85 (full 0):
 PSYoungGen      total 50688K, used 50432K [0x000000076b400000, 0x0000000770900000, 0x00000007c0000000)
  eden space 50176K, 100% used [0x000000076b400000,0x000000076e500000,0x000000076e500000)
  from space 512K, 50% used [0x0000000770880000,0x00000007708c0000,0x0000000770900000)
  to   space 1536K, 0% used [0x0000000770600000,0x0000000770600000,0x0000000770780000)
 ParOldGen       total 175104K, used 36345K [0x00000006c1c00000, 0x00000006cc700000, 0x000000076b400000)
  object space 175104K, 20% used [0x00000006c1c00000,0x00000006c3f7e550,0x00000006cc700000)
 Metaspace       used 9568K, capacity 9911K, committed 10112K, reserved 1058816K
  class space    used 1010K, capacity 1080K, committed 1152K, reserved 1048576K
Event: 108.864 GC heap after
Heap after GC invocations=85 (full 0):
 PSYoungGen      total 50688K, used 192K [0x000000076b400000, 0x0000000770900000, 0x00000007c0000000)
  eden space 49152K, 0% used [0x000000076b400000,0x000000076b400000,0x000000076e400000)
  from space 1536K, 12% used [0x0000000770600000,0x0000000770630000,0x0000000770780000)
  to   space 1536K, 0% used [0x0000000770780000,0x0000000770780000,0x0000000770900000)
 ParOldGen       total 175104K, used 36553K [0x00000006c1c00000, 0x00000006cc700000, 0x000000076b400000)
  object space 175104K, 20% used [0x00000006c1c00000,0x00000006c3fb2550,0x00000006cc700000)
 Metaspace       used 9568K, capacity 9911K, committed 10112K, reserved 1058816K
  class space    used 1010K, capacity 1080K, committed 1152K, reserved 1048576K
}
Event: 109.218 GC heap before
{Heap before GC invocations=86 (full 0):
 PSYoungGen      total 50688K, used 49344K [0x000000076b400000, 0x0000000770900000, 0x00000007c0000000)
  eden space 49152K, 100% used [0x000000076b400000,0x000000076e400000,0x000000076e400000)
  from space 1536K, 12% used [0x0000000770600000,0x0000000770630000,0x0000000770780000)
  to   space 1536K, 0% used [0x0000000770780000,0x0000000770780000,0x0000000770900000)
 ParOldGen       total 175104K, used 36553K [0x00000006c1c00000, 0x00000006cc700000, 0x000000076b400000)
  object space 175104K, 20% used [0x00000006c1c00000,0x00000006c3fb2550,0x00000006cc700000)
 Metaspace       used 9568K, capacity 9911K, committed 10112K, reserved 1058816K
  class space    used 1010K, capacity 1080K, committed 1152K, reserved 1048576K
Event: 109.220 GC heap after
Heap after GC invocations=86 (full 0):
 PSYoungGen      total 48640K, used 192K [0x000000076b400000, 0x0000000770800000, 0x00000007c0000000)
  eden space 48128K, 0% used [0x000000076b400000,0x000000076b400000,0x000000076e300000)
  from space 512K, 37% used [0x0000000770780000,0x00000007707b0000,0x0000000770800000)
  to   space 1536K, 0% used [0x0000000770500000,0x0000000770500000,0x0000000770680000)
 ParOldGen       total 175104K, used 36737K [0x00000006c1c00000, 0x00000006cc700000, 0x000000076b400000)
  object space 175104K, 20% used [0x00000006c1c00000,0x00000006c3fe0550,0x00000006cc700000)
 Metaspace       used 9568K, capacity 9911K, committed 10112K, reserved 1058816K
  class space    used 1010K, capacity 1080K, committed 1152K, reserved 1048576K
}
Event: 109.837 GC heap before
{Heap before GC invocations=87 (full 0):
 PSYoungGen      total 48640K, used 48320K [0x000000076b400000, 0x0000000770800000, 0x00000007c0000000)
  eden space 48128K, 100% used [0x000000076b400000,0x000000076e300000,0x000000076e300000)
  from space 512K, 37% used [0x0000000770780000,0x00000007707b0000,0x0000000770800000)
  to   space 1536K, 0% used [0x0000000770500000,0x0000000770500000,0x0000000770680000)
 ParOldGen       total 175104K, used 36737K [0x00000006c1c00000, 0x00000006cc700000, 0x000000076b400000)
  object space 175104K, 20% used [0x00000006c1c00000,0x00000006c3fe0550,0x00000006cc700000)
 Metaspace       used 9568K, capacity 9911K, committed 10112K, reserved 1058816K
  class space    used 1010K, capacity 1080K, committed 1152K, reserved 1048576K
Event: 109.840 GC heap after
Heap after GC invocations=87 (full 0):
 PSYoungGen      total 49152K, used 192K [0x000000076b400000, 0x0000000770800000, 0x00000007c0000000)
  eden space 47616K, 0% used [0x000000076b400000,0x000000076b400000,0x000000076e280000)
  from space 1536K, 12% used [0x0000000770500000,0x0000000770530000,0x0000000770680000)
  to   space 1536K, 0% used [0x0000000770680000,0x0000000770680000,0x0000000770800000)
 ParOldGen       total 175104K, used 36881K [0x00000006c1c00000, 0x00000006cc700000, 0x000000076b400000)
  object space 175104K, 21% used [0x00000006c1c00000,0x00000006c4004550,0x00000006cc700000)
 Metaspace       used 9568K, capacity 9911K, committed 10112K, reserved 1058816K
  class space    used 1010K, capacity 1080K, committed 1152K, reserved 1048576K
}

