# JRE version: Java(TM) SE Runtime Environment (8.0_181-b13) (build 1.8.0_181-b13)
# Java VM: Java HotSpot(TM) 64-Bit Server VM (25.181-b13 mixed mode windows-amd64 compressed oops)
Heap:
 PSYoungGen      total 45056K, used 34537K [0x000000076b400000, 0x000000076e200000, 0x00000007c0000000)
  eden space 43520K, 78% used [0x000000076b400000,0x000000076d57a690,0x000000076de80000)
  from space 1536K, 16% used [0x000000076df00000,0x000000076df40000,0x000000076e080000)
  to   space 1536K, 0% used [0x000000076e080000,0x000000076e080000,0x000000076e200000)
 ParOldGen       total 175104K, used 29842K [0x00000006c1c00000, 0x00000006cc700000, 0x000000076b400000)
  object space 175104K, 17% used [0x00000006c1c00000,0x00000006c3924980,0x00000006cc700000)
 Metaspace       used 9319K, capacity 9685K, committed 9856K, reserved 1058816K
  class space    used 974K, capacity 1049K, committed 1152K, reserved 1048576K
GC Heap History (10 events):
Event: 155.698 GC heap before
{Heap before GC invocations=61 (full 0):
 PSYoungGen      total 47616K, used 46208K [0x000000076b400000, 0x000000076e500000, 0x00000007c0000000)
  eden space 46080K, 100% used [0x000000076b400000,0x000000076e100000,0x000000076e100000)
  from space 1536K, 8% used [0x000000076e380000,0x000000076e3a0000,0x000000076e500000)
  to   space 2048K, 0% used [0x000000076e100000,0x000000076e100000,0x000000076e300000)
 ParOldGen       total 175104K, used 28550K [0x00000006c1c00000, 0x00000006cc700000, 0x000000076b400000)
  object space 175104K, 16% used [0x00000006c1c00000,0x00000006c37e1950,0x00000006cc700000)
 Metaspace       used 9298K, capacity 9679K, committed 9856K, reserved 1058816K
  class space    used 972K, capacity 1048K, committed 1152K, reserved 1048576K
Event: 155.698 GC heap after
Heap after GC invocations=61 (full 0):
 PSYoungGen      total 46080K, used 192K [0x000000076b400000, 0x000000076e480000, 0x00000007c0000000)
  eden space 45568K, 0% used [0x000000076b400000,0x000000076b400000,0x000000076e080000)
  from space 512K, 37% used [0x000000076e100000,0x000000076e130000,0x000000076e180000)
  to   space 2048K, 0% used [0x000000076e280000,0x000000076e280000,0x000000076e480000)
 ParOldGen       total 175104K, used 28646K [0x00000006c1c00000, 0x00000006cc700000, 0x000000076b400000)
  object space 175104K, 16% used [0x00000006c1c00000,0x00000006c37f9950,0x00000006cc700000)
 Metaspace       used 9298K, capacity 9679K, committed 9856K, reserved 1058816K
  class space    used 972K, capacity 1048K, committed 1152K, reserved 1048576K
}
Event: 156.217 GC heap before
{Heap before GC invocations=62 (full 0):
 PSYoungGen      total 46080K, used 45760K [0x000000076b400000, 0x000000076e480000, 0x00000007c0000000)
  eden space 45568K, 100% used [0x000000076b400000,0x000000076e080000,0x000000076e080000)
  from space 512K, 37% used [0x000000076e100000,0x000000076e130000,0x000000076e180000)
  to   space 2048K, 0% used [0x000000076e280000,0x000000076e280000,0x000000076e480000)
 ParOldGen       total 175104K, used 28646K [0x00000006c1c00000, 0x00000006cc700000, 0x000000076b400000)
  object space 175104K, 16% used [0x00000006c1c00000,0x00000006c37f9950,0x00000006cc700000)
 Metaspace       used 9311K, capacity 9685K, committed 9856K, reserved 1058816K
  class space    used 972K, capacity 1049K, committed 1152K, reserved 1048576K
Event: 156.218 GC heap after
Heap after GC invocations=62 (full 0):
 PSYoungGen      total 45568K, used 356K [0x000000076b400000, 0x000000076e300000, 0x00000007c0000000)
  eden space 45056K, 0% used [0x000000076b400000,0x000000076b400000,0x000000076e000000)
  from space 512K, 69% used [0x000000076e280000,0x000000076e2d9010,0x000000076e300000)
  to   space 1536K, 0% used [0x000000076e000000,0x000000076e000000,0x000000076e180000)
 ParOldGen       total 175104K, used 28766K [0x00000006c1c00000, 0x00000006cc700000, 0x000000076b400000)
  object space 175104K, 16% used [0x00000006c1c00000,0x00000006c3817950,0x00000006cc700000)
 Metaspace       used 9311K, capacity 9685K, committed 9856K, reserved 1058816K
  class space    used 972K, capacity 1049K, committed 1152K, reserved 1048576K
}
Event: 156.932 GC heap before
{Heap before GC invocations=63 (full 0):
 PSYoungGen      total 45568K, used 45412K [0x000000076b400000, 0x000000076e300000, 0x00000007c0000000)
  eden space 45056K, 100% used [0x000000076b400000,0x000000076e000000,0x000000076e000000)
  from space 512K, 69% used [0x000000076e280000,0x000000076e2d9010,0x000000076e300000)
  to   space 1536K, 0% used [0x000000076e000000,0x000000076e000000,0x000000076e180000)
 ParOldGen       total 175104K, used 28766K [0x00000006c1c00000, 0x00000006cc700000, 0x000000076b400000)
  object space 175104K, 16% used [0x00000006c1c00000,0x00000006c3817950,0x00000006cc700000)
 Metaspace       used 9312K, capacity 9685K, committed 9856K, reserved 1058816K
  class space    used 972K, capacity 1049K, committed 1152K, reserved 1048576K
Event: 156.933 GC heap after
Heap after GC invocations=63 (full 0):
 PSYoungGen      total 46080K, used 352K [0x000000076b400000, 0x000000076e300000, 0x00000007c0000000)
  eden space 44544K, 0% used [0x000000076b400000,0x000000076b400000,0x000000076df80000)
  from space 1536K, 22% used [0x000000076e000000,0x000000076e058000,0x000000076e180000)
  to   space 1536K, 0% used [0x000000076e180000,0x000000076e180000,0x000000076e300000)
 ParOldGen       total 175104K, used 29050K [0x00000006c1c00000, 0x00000006cc700000, 0x000000076b400000)
  object space 175104K, 16% used [0x00000006c1c00000,0x00000006c385e980,0x00000006cc700000)
 Metaspace       used 9312K, capacity 9685K, committed 9856K, reserved 1058816K
  class space    used 972K, capacity 1049K, committed 1152K, reserved 1048576K
}
Event: 157.563 GC heap before
{Heap before GC invocations=64 (full 0):
 PSYoungGen      total 46080K, used 44896K [0x000000076b400000, 0x000000076e300000, 0x00000007c0000000)
  eden space 44544K, 100% used [0x000000076b400000,0x000000076df80000,0x000000076df80000)
  from space 1536K, 22% used [0x000000076e000000,0x000000076e058000,0x000000076e180000)
  to   space 1536K, 0% used [0x000000076e180000,0x000000076e180000,0x000000076e300000)
 ParOldGen       total 175104K, used 29050K [0x00000006c1c00000, 0x00000006cc700000, 0x000000076b400000)
  object space 175104K, 16% used [0x00000006c1c00000,0x00000006c385e980,0x00000006cc700000)
 Metaspace       used 9312K, capacity 9685K, committed 9856K, reserved 1058816K
  class space    used 972K, capacity 1049K, committed 1152K, reserved 1048576K
Event: 157.567 GC heap after
Heap after GC invocations=64 (full 0):
 PSYoungGen      total 44544K, used 512K [0x000000076b400000, 0x000000076e200000, 0x00000007c0000000)
  eden space 44032K, 0% used [0x000000076b400000,0x000000076b400000,0x000000076df00000)
  from space 512K, 100% used [0x000000076e180000,0x000000076e200000,0x000000076e200000)
  to   space 1536K, 0% used [0x000000076df00000,0x000000076df00000,0x000000076e080000)
 ParOldGen       total 175104K, used 29370K [0x00000006c1c00000, 0x00000006cc700000, 0x000000076b400000)
  object space 175104K, 16% used [0x00000006c1c00000,0x00000006c38ae980,0x00000006cc700000)
 Metaspace       used 9312K, capacity 9685K, committed 9856K, reserved 1058816K
  class space    used 972K, capacity 1049K, committed 1152K, reserved 1048576K
}
Event: 158.179 GC heap before
{Heap before GC invocations=65 (full 0):
 PSYoungGen      total 44544K, used 44544K [0x000000076b400000, 0x000000076e200000, 0x00000007c0000000)
  eden space 44032K, 100% used [0x000000076b400000,0x000000076df00000,0x000000076df00000)
  from space 512K, 100% used [0x000000076e180000,0x000000076e200000,0x000000076e200000)
  to   space 1536K, 0% used [0x000000076df00000,0x000000076df00000,0x000000076e080000)
 ParOldGen       total 175104K, used 29370K [0x00000006c1c00000, 0x00000006cc700000, 0x000000076b400000)
  object space 175104K, 16% used [0x00000006c1c00000,0x00000006c38ae980,0x00000006cc700000)
 Metaspace       used 9312K, capacity 9685K, committed 9856K, reserved 1058816K
  class space    used 972K, capacity 1049K, committed 1152K, reserved 1048576K
Event: 158.181 GC heap after
Heap after GC invocations=65 (full 0):
 PSYoungGen      total 45056K, used 256K [0x000000076b400000, 0x000000076e200000, 0x00000007c0000000)
  eden space 43520K, 0% used [0x000000076b400000,0x000000076b400000,0x000000076de80000)
  from space 1536K, 16% used [0x000000076df00000,0x000000076df40000,0x000000076e080000)
  to   space 1536K, 0% used [0x000000076e080000,0x000000076e080000,0x000000076e200000)
 ParOldGen       total 175104K, used 29842K [0x00000006c1c00000, 0x00000006cc700000, 0x000000076b400000)
  object space 175104K, 17% used [0x00000006c1c00000,0x00000006c3924980,0x00000006cc700000)
 Metaspace       used 9312K, capacity 9685K, committed 9856K, reserved 1058816K
  class space    used 972K, capacity 1049K, committed 1152K, reserved 1048576K
}

