# JRE version: Java(TM) SE Runtime Environment (8.0_181-b13) (build 1.8.0_181-b13)
# Java VM: Java HotSpot(TM) 64-Bit Server VM (25.181-b13 mixed mode windows-amd64 compressed oops)
Heap:
 PSYoungGen      total 64000K, used 43465K [0x000000076b400000, 0x000000076fd00000, 0x00000007c0000000)
  eden space 61440K, 66% used [0x000000076b400000,0x000000076dc02620,0x000000076f000000)
  from space 2560K, 97% used [0x000000076f300000,0x000000076f570010,0x000000076f580000)
  to   space 6656K, 0% used [0x000000076f680000,0x000000076f680000,0x000000076fd00000)
 ParOldGen       total 175104K, used 3214K [0x00000006c1c00000, 0x00000006cc700000, 0x000000076b400000)
  object space 175104K, 1% used [0x00000006c1c00000,0x00000006c1f23890,0x00000006cc700000)
 Metaspace       used 8837K, capacity 9187K, committed 9216K, reserved 1056768K
  class space    used 919K, capacity 1012K, committed 1024K, reserved 1048576K
GC Heap History (10 events):
Event: 9.605 GC heap before
{Heap before GC invocations=3 (full 0):
 PSYoungGen      total 76288K, used 69028K [0x000000076b400000, 0x0000000770900000, 0x00000007c0000000)
  eden space 65536K, 100% used [0x000000076b400000,0x000000076f400000,0x000000076f400000)
  from space 10752K, 32% used [0x000000076fe80000,0x00000007701e93b0,0x0000000770900000)
  to   space 10752K, 0% used [0x000000076f400000,0x000000076f400000,0x000000076fe80000)
 ParOldGen       total 175104K, used 24K [0x00000006c1c00000, 0x00000006cc700000, 0x000000076b400000)
  object space 175104K, 0% used [0x00000006c1c00000,0x00000006c1c06000,0x00000006cc700000)
 Metaspace       used 8714K, capacity 9045K, committed 9216K, reserved 1056768K
  class space    used 911K, capacity 1011K, committed 1024K, reserved 1048576K
Event: 9.610 GC heap after
Heap after GC invocations=3 (full 0):
 PSYoungGen      total 76288K, used 3668K [0x000000076b400000, 0x0000000770900000, 0x00000007c0000000)
  eden space 65536K, 0% used [0x000000076b400000,0x000000076b400000,0x000000076f400000)
  from space 10752K, 34% used [0x000000076f400000,0x000000076f7953a0,0x000000076fe80000)
  to   space 10752K, 0% used [0x000000076fe80000,0x000000076fe80000,0x0000000770900000)
 ParOldGen       total 175104K, used 32K [0x00000006c1c00000, 0x00000006cc700000, 0x000000076b400000)
  object space 175104K, 0% used [0x00000006c1c00000,0x00000006c1c08000,0x00000006cc700000)
 Metaspace       used 8714K, capacity 9045K, committed 9216K, reserved 1056768K
  class space    used 911K, capacity 1011K, committed 1024K, reserved 1048576K
}
Event: 12.538 GC heap before
{Heap before GC invocations=4 (full 0):
 PSYoungGen      total 76288K, used 69204K [0x000000076b400000, 0x0000000770900000, 0x00000007c0000000)
  eden space 65536K, 100% used [0x000000076b400000,0x000000076f400000,0x000000076f400000)
  from space 10752K, 34% used [0x000000076f400000,0x000000076f7953a0,0x000000076fe80000)
  to   space 10752K, 0% used [0x000000076fe80000,0x000000076fe80000,0x0000000770900000)
 ParOldGen       total 175104K, used 32K [0x00000006c1c00000, 0x00000006cc700000, 0x000000076b400000)
  object space 175104K, 0% used [0x00000006c1c00000,0x00000006c1c08000,0x00000006cc700000)
 Metaspace       used 8766K, capacity 9123K, committed 9216K, reserved 1056768K
  class space    used 914K, capacity 1012K, committed 1024K, reserved 1048576K
Event: 12.543 GC heap after
Heap after GC invocations=4 (full 0):
 PSYoungGen      total 76288K, used 4532K [0x000000076b400000, 0x0000000770900000, 0x00000007c0000000)
  eden space 65536K, 0% used [0x000000076b400000,0x000000076b400000,0x000000076f400000)
  from space 10752K, 42% used [0x000000076fe80000,0x00000007702ed3b0,0x0000000770900000)
  to   space 10752K, 0% used [0x000000076f400000,0x000000076f400000,0x000000076fe80000)
 ParOldGen       total 175104K, used 40K [0x00000006c1c00000, 0x00000006cc700000, 0x000000076b400000)
  object space 175104K, 0% used [0x00000006c1c00000,0x00000006c1c0a000,0x00000006cc700000)
 Metaspace       used 8766K, capacity 9123K, committed 9216K, reserved 1056768K
  class space    used 914K, capacity 1012K, committed 1024K, reserved 1048576K
}
Event: 14.140 GC heap before
{Heap before GC invocations=5 (full 0):
 PSYoungGen      total 76288K, used 70068K [0x000000076b400000, 0x0000000770900000, 0x00000007c0000000)
  eden space 65536K, 100% used [0x000000076b400000,0x000000076f400000,0x000000076f400000)
  from space 10752K, 42% used [0x000000076fe80000,0x00000007702ed3b0,0x0000000770900000)
  to   space 10752K, 0% used [0x000000076f400000,0x000000076f400000,0x000000076fe80000)
 ParOldGen       total 175104K, used 40K [0x00000006c1c00000, 0x00000006cc700000, 0x000000076b400000)
  object space 175104K, 0% used [0x00000006c1c00000,0x00000006c1c0a000,0x00000006cc700000)
 Metaspace       used 8788K, capacity 9123K, committed 9216K, reserved 1056768K
  class space    used 915K, capacity 1012K, committed 1024K, reserved 1048576K
Event: 14.155 GC heap after
Heap after GC invocations=5 (full 0):
 PSYoungGen      total 69120K, used 4964K [0x000000076b400000, 0x000000076ff00000, 0x00000007c0000000)
  eden space 64000K, 0% used [0x000000076b400000,0x000000076b400000,0x000000076f280000)
  from space 5120K, 96% used [0x000000076f400000,0x000000076f8d93a0,0x000000076f900000)
  to   space 5632K, 0% used [0x000000076f980000,0x000000076f980000,0x000000076ff00000)
 ParOldGen       total 175104K, used 48K [0x00000006c1c00000, 0x00000006cc700000, 0x000000076b400000)
  object space 175104K, 0% used [0x00000006c1c00000,0x00000006c1c0c000,0x00000006cc700000)
 Metaspace       used 8788K, capacity 9123K, committed 9216K, reserved 1056768K
  class space    used 915K, capacity 1012K, committed 1024K, reserved 1048576K
}
Event: 15.670 GC heap before
{Heap before GC invocations=6 (full 0):
 PSYoungGen      total 69120K, used 68964K [0x000000076b400000, 0x000000076ff00000, 0x00000007c0000000)
  eden space 64000K, 100% used [0x000000076b400000,0x000000076f280000,0x000000076f280000)
  from space 5120K, 96% used [0x000000076f400000,0x000000076f8d93a0,0x000000076f900000)
  to   space 5632K, 0% used [0x000000076f980000,0x000000076f980000,0x000000076ff00000)
 ParOldGen       total 175104K, used 48K [0x00000006c1c00000, 0x00000006cc700000, 0x000000076b400000)
  object space 175104K, 0% used [0x00000006c1c00000,0x00000006c1c0c000,0x00000006cc700000)
 Metaspace       used 8790K, capacity 9123K, committed 9216K, reserved 1056768K
  class space    used 915K, capacity 1012K, committed 1024K, reserved 1048576K
Event: 15.677 GC heap after
Heap after GC invocations=6 (full 0):
 PSYoungGen      total 68096K, used 5332K [0x000000076b400000, 0x000000076ff00000, 0x00000007c0000000)
  eden space 62464K, 0% used [0x000000076b400000,0x000000076b400000,0x000000076f100000)
  from space 5632K, 94% used [0x000000076f980000,0x000000076feb53b0,0x000000076ff00000)
  to   space 6144K, 0% used [0x000000076f300000,0x000000076f300000,0x000000076f900000)
 ParOldGen       total 175104K, used 56K [0x00000006c1c00000, 0x00000006cc700000, 0x000000076b400000)
  object space 175104K, 0% used [0x00000006c1c00000,0x00000006c1c0e000,0x00000006cc700000)
 Metaspace       used 8790K, capacity 9123K, committed 9216K, reserved 1056768K
  class space    used 915K, capacity 1012K, committed 1024K, reserved 1048576K
}
Event: 17.138 GC heap before
{Heap before GC invocations=7 (full 0):
 PSYoungGen      total 68096K, used 67796K [0x000000076b400000, 0x000000076ff00000, 0x00000007c0000000)
  eden space 62464K, 100% used [0x000000076b400000,0x000000076f100000,0x000000076f100000)
  from space 5632K, 94% used [0x000000076f980000,0x000000076feb53b0,0x000000076ff00000)
  to   space 6144K, 0% used [0x000000076f300000,0x000000076f300000,0x000000076f900000)
 ParOldGen       total 175104K, used 56K [0x00000006c1c00000, 0x00000006cc700000, 0x000000076b400000)
  object space 175104K, 0% used [0x00000006c1c00000,0x00000006c1c0e000,0x00000006cc700000)
 Metaspace       used 8822K, capacity 9123K, committed 9216K, reserved 1056768K
  class space    used 917K, capacity 1012K, committed 1024K, reserved 1048576K
Event: 17.148 GC heap after
Heap after GC invocations=7 (full 0):
 PSYoungGen      total 64000K, used 2496K [0x000000076b400000, 0x000000076fd00000, 0x00000007c0000000)
  eden space 61440K, 0% used [0x000000076b400000,0x000000076b400000,0x000000076f000000)
  from space 2560K, 97% used [0x000000076f300000,0x000000076f570010,0x000000076f580000)
  to   space 6656K, 0% used [0x000000076f680000,0x000000076f680000,0x000000076fd00000)
 ParOldGen       total 175104K, used 3214K [0x00000006c1c00000, 0x00000006cc700000, 0x000000076b400000)
  object space 175104K, 1% used [0x00000006c1c00000,0x00000006c1f23890,0x00000006cc700000)
 Metaspace       used 8822K, capacity 9123K, committed 9216K, reserved 1056768K
  class space    used 917K, capacity 1012K, committed 1024K, reserved 1048576K
}

