# JRE version: Java(TM) SE Runtime Environment (8.0_181-b13) (build 1.8.0_181-b13)
# Java VM: Java HotSpot(TM) 64-Bit Server VM (25.181-b13 mixed mode windows-amd64 compressed oops)
Heap:
 PSYoungGen      total 68096K, used 35631K [0x000000076b400000, 0x000000076ff00000, 0x00000007c0000000)
  eden space 62464K, 48% used [0x000000076b400000,0x000000076d1b28e8,0x000000076f100000)
  from space 5632K, 92% used [0x000000076f980000,0x000000076fe993a0,0x000000076ff00000)
  to   space 6144K, 0% used [0x000000076f300000,0x000000076f300000,0x000000076f900000)
 ParOldGen       total 175104K, used 48K [0x00000006c1c00000, 0x00000006cc700000, 0x000000076b400000)
  object space 175104K, 0% used [0x00000006c1c00000,0x00000006c1c0c000,0x00000006cc700000)
 Metaspace       used 8842K, capacity 9183K, committed 9216K, reserved 1056768K
  class space    used 919K, capacity 1012K, committed 1024K, reserved 1048576K
GC Heap History (10 events):
Event: 4.486 GC heap before
{Heap before GC invocations=2 (full 0):
 PSYoungGen      total 76288K, used 68289K [0x000000076b400000, 0x0000000770900000, 0x00000007c0000000)
  eden space 65536K, 100% used [0x000000076b400000,0x000000076f400000,0x000000076f400000)
  from space 10752K, 25% used [0x000000076f400000,0x000000076f6b07e8,0x000000076fe80000)
  to   space 10752K, 0% used [0x000000076fe80000,0x000000076fe80000,0x0000000770900000)
 ParOldGen       total 175104K, used 16K [0x00000006c1c00000, 0x00000006cc700000, 0x000000076b400000)
  object space 175104K, 0% used [0x00000006c1c00000,0x00000006c1c04000,0x00000006cc700000)
 Metaspace       used 8586K, capacity 8971K, committed 9216K, reserved 1056768K
  class space    used 911K, capacity 1010K, committed 1024K, reserved 1048576K
Event: 4.490 GC heap after
Heap after GC invocations=2 (full 0):
 PSYoungGen      total 76288K, used 3460K [0x000000076b400000, 0x0000000770900000, 0x00000007c0000000)
  eden space 65536K, 0% used [0x000000076b400000,0x000000076b400000,0x000000076f400000)
  from space 10752K, 32% used [0x000000076fe80000,0x00000007701e13b0,0x0000000770900000)
  to   space 10752K, 0% used [0x000000076f400000,0x000000076f400000,0x000000076fe80000)
 ParOldGen       total 175104K, used 24K [0x00000006c1c00000, 0x00000006cc700000, 0x000000076b400000)
  object space 175104K, 0% used [0x00000006c1c00000,0x00000006c1c06000,0x00000006cc700000)
 Metaspace       used 8586K, capacity 8971K, committed 9216K, reserved 1056768K
  class space    used 911K, capacity 1010K, committed 1024K, reserved 1048576K
}
Event: 8.367 GC heap before
{Heap before GC invocations=3 (full 0):
 PSYoungGen      total 76288K, used 68996K [0x000000076b400000, 0x0000000770900000, 0x00000007c0000000)
  eden space 65536K, 100% used [0x000000076b400000,0x000000076f400000,0x000000076f400000)
  from space 10752K, 32% used [0x000000076fe80000,0x00000007701e13b0,0x0000000770900000)
  to   space 10752K, 0% used [0x000000076f400000,0x000000076f400000,0x000000076fe80000)
 ParOldGen       total 175104K, used 24K [0x00000006c1c00000, 0x00000006cc700000, 0x000000076b400000)
  object space 175104K, 0% used [0x00000006c1c00000,0x00000006c1c06000,0x00000006cc700000)
 Metaspace       used 8751K, capacity 9113K, committed 9216K, reserved 1056768K
  class space    used 915K, capacity 1011K, committed 1024K, reserved 1048576K
Event: 8.372 GC heap after
Heap after GC invocations=3 (full 0):
 PSYoungGen      total 76288K, used 3732K [0x000000076b400000, 0x0000000770900000, 0x00000007c0000000)
  eden space 65536K, 0% used [0x000000076b400000,0x000000076b400000,0x000000076f400000)
  from space 10752K, 34% used [0x000000076f400000,0x000000076f7a53a0,0x000000076fe80000)
  to   space 10752K, 0% used [0x000000076fe80000,0x000000076fe80000,0x0000000770900000)
 ParOldGen       total 175104K, used 32K [0x00000006c1c00000, 0x00000006cc700000, 0x000000076b400000)
  object space 175104K, 0% used [0x00000006c1c00000,0x00000006c1c08000,0x00000006cc700000)
 Metaspace       used 8751K, capacity 9113K, committed 9216K, reserved 1056768K
  class space    used 915K, capacity 1011K, committed 1024K, reserved 1048576K
}
Event: 11.721 GC heap before
{Heap before GC invocations=4 (full 0):
 PSYoungGen      total 76288K, used 69268K [0x000000076b400000, 0x0000000770900000, 0x00000007c0000000)
  eden space 65536K, 100% used [0x000000076b400000,0x000000076f400000,0x000000076f400000)
  from space 10752K, 34% used [0x000000076f400000,0x000000076f7a53a0,0x000000076fe80000)
  to   space 10752K, 0% used [0x000000076fe80000,0x000000076fe80000,0x0000000770900000)
 ParOldGen       total 175104K, used 32K [0x00000006c1c00000, 0x00000006cc700000, 0x000000076b400000)
  object space 175104K, 0% used [0x00000006c1c00000,0x00000006c1c08000,0x00000006cc700000)
 Metaspace       used 8798K, capacity 9177K, committed 9216K, reserved 1056768K
  class space    used 915K, capacity 1011K, committed 1024K, reserved 1048576K
Event: 11.724 GC heap after
Heap after GC invocations=4 (full 0):
 PSYoungGen      total 76288K, used 4212K [0x000000076b400000, 0x0000000770900000, 0x00000007c0000000)
  eden space 65536K, 0% used [0x000000076b400000,0x000000076b400000,0x000000076f400000)
  from space 10752K, 39% used [0x000000076fe80000,0x000000077029d3b0,0x0000000770900000)
  to   space 10752K, 0% used [0x000000076f400000,0x000000076f400000,0x000000076fe80000)
 ParOldGen       total 175104K, used 40K [0x00000006c1c00000, 0x00000006cc700000, 0x000000076b400000)
  object space 175104K, 0% used [0x00000006c1c00000,0x00000006c1c0a000,0x00000006cc700000)
 Metaspace       used 8798K, capacity 9177K, committed 9216K, reserved 1056768K
  class space    used 915K, capacity 1011K, committed 1024K, reserved 1048576K
}
Event: 14.934 GC heap before
{Heap before GC invocations=5 (full 0):
 PSYoungGen      total 76288K, used 69748K [0x000000076b400000, 0x0000000770900000, 0x00000007c0000000)
  eden space 65536K, 100% used [0x000000076b400000,0x000000076f400000,0x000000076f400000)
  from space 10752K, 39% used [0x000000076fe80000,0x000000077029d3b0,0x0000000770900000)
  to   space 10752K, 0% used [0x000000076f400000,0x000000076f400000,0x000000076fe80000)
 ParOldGen       total 175104K, used 40K [0x00000006c1c00000, 0x00000006cc700000, 0x000000076b400000)
  object space 175104K, 0% used [0x00000006c1c00000,0x00000006c1c0a000,0x00000006cc700000)
 Metaspace       used 8816K, capacity 9177K, committed 9216K, reserved 1056768K
  class space    used 917K, capacity 1011K, committed 1024K, reserved 1048576K
Event: 14.941 GC heap after
Heap after GC invocations=5 (full 0):
 PSYoungGen      total 69120K, used 4964K [0x000000076b400000, 0x000000076ff00000, 0x00000007c0000000)
  eden space 64000K, 0% used [0x000000076b400000,0x000000076b400000,0x000000076f280000)
  from space 5120K, 96% used [0x000000076f400000,0x000000076f8d93a0,0x000000076f900000)
  to   space 5632K, 0% used [0x000000076f980000,0x000000076f980000,0x000000076ff00000)
 ParOldGen       total 175104K, used 48K [0x00000006c1c00000, 0x00000006cc700000, 0x000000076b400000)
  object space 175104K, 0% used [0x00000006c1c00000,0x00000006c1c0c000,0x00000006cc700000)
 Metaspace       used 8816K, capacity 9177K, committed 9216K, reserved 1056768K
  class space    used 917K, capacity 1011K, committed 1024K, reserved 1048576K
}
Event: 15.918 GC heap before
{Heap before GC invocations=6 (full 0):
 PSYoungGen      total 69120K, used 68964K [0x000000076b400000, 0x000000076ff00000, 0x00000007c0000000)
  eden space 64000K, 100% used [0x000000076b400000,0x000000076f280000,0x000000076f280000)
  from space 5120K, 96% used [0x000000076f400000,0x000000076f8d93a0,0x000000076f900000)
  to   space 5632K, 0% used [0x000000076f980000,0x000000076f980000,0x000000076ff00000)
 ParOldGen       total 175104K, used 48K [0x00000006c1c00000, 0x00000006cc700000, 0x000000076b400000)
  object space 175104K, 0% used [0x00000006c1c00000,0x00000006c1c0c000,0x00000006cc700000)
 Metaspace       used 8827K, capacity 9177K, committed 9216K, reserved 1056768K
  class space    used 917K, capacity 1011K, committed 1024K, reserved 1048576K
Event: 15.928 GC heap after
Heap after GC invocations=6 (full 0):
 PSYoungGen      total 68096K, used 5220K [0x000000076b400000, 0x000000076ff00000, 0x00000007c0000000)
  eden space 62464K, 0% used [0x000000076b400000,0x000000076b400000,0x000000076f100000)
  from space 5632K, 92% used [0x000000076f980000,0x000000076fe993a0,0x000000076ff00000)
  to   space 6144K, 0% used [0x000000076f300000,0x000000076f300000,0x000000076f900000)
 ParOldGen       total 175104K, used 48K [0x00000006c1c00000, 0x00000006cc700000, 0x000000076b400000)
  object space 175104K, 0% used [0x00000006c1c00000,0x00000006c1c0c000,0x00000006cc700000)
 Metaspace       used 8827K, capacity 9177K, committed 9216K, reserved 1056768K
  class space    used 917K, capacity 1011K, committed 1024K, reserved 1048576K
}

