# JRE version: Java(TM) SE Runtime Environment (8.0_181-b13) (build 1.8.0_181-b13)
# Java VM: Java HotSpot(TM) 64-Bit Server VM (25.181-b13 mixed mode windows-amd64 compressed oops)
Heap:
 PSYoungGen      total 32256K, used 8785K [0x000000076b400000, 0x000000076d480000, 0x00000007c0000000)
  eden space 31232K, 27% used [0x000000076b400000,0x000000076bc3c490,0x000000076d280000)
  from space 1024K, 34% used [0x000000076d280000,0x000000076d2d8000,0x000000076d380000)
  to   space 1024K, 0% used [0x000000076d380000,0x000000076d380000,0x000000076d480000)
 ParOldGen       total 175104K, used 32403K [0x00000006c1c00000, 0x00000006cc700000, 0x000000076b400000)
  object space 175104K, 18% used [0x00000006c1c00000,0x00000006c3ba4e40,0x00000006cc700000)
 Metaspace       used 9404K, capacity 9741K, committed 9856K, reserved 1058816K
  class space    used 976K, capacity 1057K, committed 1152K, reserved 1048576K
GC Heap History (10 events):
Event: 107.933 GC heap before
{Heap before GC invocations=81 (full 0):
 PSYoungGen      total 32256K, used 31744K [0x000000076b400000, 0x000000076d480000, 0x00000007c0000000)
  eden space 31232K, 100% used [0x000000076b400000,0x000000076d280000,0x000000076d280000)
  from space 1024K, 50% used [0x000000076d380000,0x000000076d400000,0x000000076d480000)
  to   space 1024K, 0% used [0x000000076d280000,0x000000076d280000,0x000000076d380000)
 ParOldGen       total 175104K, used 31187K [0x00000006c1c00000, 0x00000006cc700000, 0x000000076b400000)
  object space 175104K, 17% used [0x00000006c1c00000,0x00000006c3a74e40,0x00000006cc700000)
 Metaspace       used 9396K, capacity 9741K, committed 9856K, reserved 1058816K
  class space    used 974K, capacity 1057K, committed 1152K, reserved 1048576K
Event: 107.935 GC heap after
Heap after GC invocations=81 (full 0):
 PSYoungGen      total 32256K, used 352K [0x000000076b400000, 0x000000076d480000, 0x00000007c0000000)
  eden space 31232K, 0% used [0x000000076b400000,0x000000076b400000,0x000000076d280000)
  from space 1024K, 34% used [0x000000076d280000,0x000000076d2d8000,0x000000076d380000)
  to   space 1024K, 0% used [0x000000076d380000,0x000000076d380000,0x000000076d480000)
 ParOldGen       total 175104K, used 31691K [0x00000006c1c00000, 0x00000006cc700000, 0x000000076b400000)
  object space 175104K, 18% used [0x00000006c1c00000,0x00000006c3af2e40,0x00000006cc700000)
 Metaspace       used 9396K, capacity 9741K, committed 9856K, reserved 1058816K
  class space    used 974K, capacity 1057K, committed 1152K, reserved 1048576K
}
Event: 109.283 GC heap before
{Heap before GC invocations=82 (full 0):
 PSYoungGen      total 32256K, used 31584K [0x000000076b400000, 0x000000076d480000, 0x00000007c0000000)
  eden space 31232K, 100% used [0x000000076b400000,0x000000076d280000,0x000000076d280000)
  from space 1024K, 34% used [0x000000076d280000,0x000000076d2d8000,0x000000076d380000)
  to   space 1024K, 0% used [0x000000076d380000,0x000000076d380000,0x000000076d480000)
 ParOldGen       total 175104K, used 31691K [0x00000006c1c00000, 0x00000006cc700000, 0x000000076b400000)
  object space 175104K, 18% used [0x00000006c1c00000,0x00000006c3af2e40,0x00000006cc700000)
 Metaspace       used 9396K, capacity 9741K, committed 9856K, reserved 1058816K
  class space    used 974K, capacity 1057K, committed 1152K, reserved 1048576K
Event: 109.284 GC heap after
Heap after GC invocations=82 (full 0):
 PSYoungGen      total 32256K, used 160K [0x000000076b400000, 0x000000076d480000, 0x00000007c0000000)
  eden space 31232K, 0% used [0x000000076b400000,0x000000076b400000,0x000000076d280000)
  from space 1024K, 15% used [0x000000076d380000,0x000000076d3a8000,0x000000076d480000)
  to   space 1024K, 0% used [0x000000076d280000,0x000000076d280000,0x000000076d380000)
 ParOldGen       total 175104K, used 32035K [0x00000006c1c00000, 0x00000006cc700000, 0x000000076b400000)
  object space 175104K, 18% used [0x00000006c1c00000,0x00000006c3b48e40,0x00000006cc700000)
 Metaspace       used 9396K, capacity 9741K, committed 9856K, reserved 1058816K
  class space    used 974K, capacity 1057K, committed 1152K, reserved 1048576K
}
Event: 111.050 GC heap before
{Heap before GC invocations=83 (full 0):
 PSYoungGen      total 32256K, used 31392K [0x000000076b400000, 0x000000076d480000, 0x00000007c0000000)
  eden space 31232K, 100% used [0x000000076b400000,0x000000076d280000,0x000000076d280000)
  from space 1024K, 15% used [0x000000076d380000,0x000000076d3a8000,0x000000076d480000)
  to   space 1024K, 0% used [0x000000076d280000,0x000000076d280000,0x000000076d380000)
 ParOldGen       total 175104K, used 32035K [0x00000006c1c00000, 0x00000006cc700000, 0x000000076b400000)
  object space 175104K, 18% used [0x00000006c1c00000,0x00000006c3b48e40,0x00000006cc700000)
 Metaspace       used 9396K, capacity 9741K, committed 9856K, reserved 1058816K
  class space    used 974K, capacity 1057K, committed 1152K, reserved 1048576K
Event: 111.052 GC heap after
Heap after GC invocations=83 (full 0):
 PSYoungGen      total 32256K, used 160K [0x000000076b400000, 0x000000076d480000, 0x00000007c0000000)
  eden space 31232K, 0% used [0x000000076b400000,0x000000076b400000,0x000000076d280000)
  from space 1024K, 15% used [0x000000076d280000,0x000000076d2a8000,0x000000076d380000)
  to   space 1024K, 0% used [0x000000076d380000,0x000000076d380000,0x000000076d480000)
 ParOldGen       total 175104K, used 32163K [0x00000006c1c00000, 0x00000006cc700000, 0x000000076b400000)
  object space 175104K, 18% used [0x00000006c1c00000,0x00000006c3b68e40,0x00000006cc700000)
 Metaspace       used 9396K, capacity 9741K, committed 9856K, reserved 1058816K
  class space    used 974K, capacity 1057K, committed 1152K, reserved 1048576K
}
Event: 112.483 GC heap before
{Heap before GC invocations=84 (full 0):
 PSYoungGen      total 32256K, used 31392K [0x000000076b400000, 0x000000076d480000, 0x00000007c0000000)
  eden space 31232K, 100% used [0x000000076b400000,0x000000076d280000,0x000000076d280000)
  from space 1024K, 15% used [0x000000076d280000,0x000000076d2a8000,0x000000076d380000)
  to   space 1024K, 0% used [0x000000076d380000,0x000000076d380000,0x000000076d480000)
 ParOldGen       total 175104K, used 32163K [0x00000006c1c00000, 0x00000006cc700000, 0x000000076b400000)
  object space 175104K, 18% used [0x00000006c1c00000,0x00000006c3b68e40,0x00000006cc700000)
 Metaspace       used 9396K, capacity 9741K, committed 9856K, reserved 1058816K
  class space    used 974K, capacity 1057K, committed 1152K, reserved 1048576K
Event: 112.487 GC heap after
Heap after GC invocations=84 (full 0):
 PSYoungGen      total 32256K, used 96K [0x000000076b400000, 0x000000076d480000, 0x00000007c0000000)
  eden space 31232K, 0% used [0x000000076b400000,0x000000076b400000,0x000000076d280000)
  from space 1024K, 9% used [0x000000076d380000,0x000000076d398000,0x000000076d480000)
  to   space 1024K, 0% used [0x000000076d280000,0x000000076d280000,0x000000076d380000)
 ParOldGen       total 175104K, used 32307K [0x00000006c1c00000, 0x00000006cc700000, 0x000000076b400000)
  object space 175104K, 18% used [0x00000006c1c00000,0x00000006c3b8ce40,0x00000006cc700000)
 Metaspace       used 9396K, capacity 9741K, committed 9856K, reserved 1058816K
  class space    used 974K, capacity 1057K, committed 1152K, reserved 1048576K
}
Event: 114.016 GC heap before
{Heap before GC invocations=85 (full 0):
 PSYoungGen      total 32256K, used 31328K [0x000000076b400000, 0x000000076d480000, 0x00000007c0000000)
  eden space 31232K, 100% used [0x000000076b400000,0x000000076d280000,0x000000076d280000)
  from space 1024K, 9% used [0x000000076d380000,0x000000076d398000,0x000000076d480000)
  to   space 1024K, 0% used [0x000000076d280000,0x000000076d280000,0x000000076d380000)
 ParOldGen       total 175104K, used 32307K [0x00000006c1c00000, 0x00000006cc700000, 0x000000076b400000)
  object space 175104K, 18% used [0x00000006c1c00000,0x00000006c3b8ce40,0x00000006cc700000)
 Metaspace       used 9396K, capacity 9741K, committed 9856K, reserved 1058816K
  class space    used 974K, capacity 1057K, committed 1152K, reserved 1048576K
Event: 114.018 GC heap after
Heap after GC invocations=85 (full 0):
 PSYoungGen      total 32256K, used 352K [0x000000076b400000, 0x000000076d480000, 0x00000007c0000000)
  eden space 31232K, 0% used [0x000000076b400000,0x000000076b400000,0x000000076d280000)
  from space 1024K, 34% used [0x000000076d280000,0x000000076d2d8000,0x000000076d380000)
  to   space 1024K, 0% used [0x000000076d380000,0x000000076d380000,0x000000076d480000)
 ParOldGen       total 175104K, used 32403K [0x00000006c1c00000, 0x00000006cc700000, 0x000000076b400000)
  object space 175104K, 18% used [0x00000006c1c00000,0x00000006c3ba4e40,0x00000006cc700000)
 Metaspace       used 9396K, capacity 9741K, committed 9856K, reserved 1058816K
  class space    used 974K, capacity 1057K, committed 1152K, reserved 1048576K
}

