# JRE version: Java(TM) SE Runtime Environment (8.0_181-b13) (build 1.8.0_181-b13)
# Java VM: Java HotSpot(TM) 64-Bit Server VM (25.181-b13 mixed mode windows-amd64 compressed oops)
Heap:
 PSYoungGen      total 32256K, used 3850K [0x000000076b400000, 0x000000076d580000, 0x00000007c0000000)
  eden space 31232K, 9% used [0x000000076b400000,0x000000076b6c8268,0x000000076d280000)
  from space 1024K, 97% used [0x000000076d280000,0x000000076d37a620,0x000000076d380000)
  to   space 1536K, 0% used [0x000000076d400000,0x000000076d400000,0x000000076d580000)
 ParOldGen       total 175104K, used 79784K [0x00000006c1c00000, 0x00000006cc700000, 0x000000076b400000)
  object space 175104K, 45% used [0x00000006c1c00000,0x00000006c69ea060,0x00000006cc700000)
 Metaspace       used 9507K, capacity 9873K, committed 10112K, reserved 1058816K
  class space    used 991K, capacity 1081K, committed 1152K, reserved 1048576K
GC Heap History (10 events):
Event: 76.998 GC heap before
{Heap before GC invocations=149 (full 0):
 PSYoungGen      total 32256K, used 31712K [0x000000076b400000, 0x000000076d480000, 0x00000007c0000000)
  eden space 31232K, 100% used [0x000000076b400000,0x000000076d280000,0x000000076d280000)
  from space 1024K, 46% used [0x000000076d380000,0x000000076d3f8000,0x000000076d480000)
  to   space 1024K, 0% used [0x000000076d280000,0x000000076d280000,0x000000076d380000)
 ParOldGen       total 175104K, used 74246K [0x00000006c1c00000, 0x00000006cc700000, 0x000000076b400000)
  object space 175104K, 42% used [0x00000006c1c00000,0x00000006c6481aa0,0x00000006cc700000)
 Metaspace       used 9491K, capacity 9873K, committed 10112K, reserved 1058816K
  class space    used 991K, capacity 1081K, committed 1152K, reserved 1048576K
Event: 77.000 GC heap after
Heap after GC invocations=149 (full 0):
 PSYoungGen      total 32256K, used 777K [0x000000076b400000, 0x000000076d480000, 0x00000007c0000000)
  eden space 31232K, 0% used [0x000000076b400000,0x000000076b400000,0x000000076d280000)
  from space 1024K, 75% used [0x000000076d280000,0x000000076d342620,0x000000076d380000)
  to   space 1024K, 0% used [0x000000076d380000,0x000000076d380000,0x000000076d480000)
 ParOldGen       total 175104K, used 74670K [0x00000006c1c00000, 0x00000006cc700000, 0x000000076b400000)
  object space 175104K, 42% used [0x00000006c1c00000,0x00000006c64ebaa0,0x00000006cc700000)
 Metaspace       used 9491K, capacity 9873K, committed 10112K, reserved 1058816K
  class space    used 991K, capacity 1081K, committed 1152K, reserved 1048576K
}
Event: 77.515 GC heap before
{Heap before GC invocations=150 (full 0):
 PSYoungGen      total 32256K, used 32009K [0x000000076b400000, 0x000000076d480000, 0x00000007c0000000)
  eden space 31232K, 100% used [0x000000076b400000,0x000000076d280000,0x000000076d280000)
  from space 1024K, 75% used [0x000000076d280000,0x000000076d342620,0x000000076d380000)
  to   space 1024K, 0% used [0x000000076d380000,0x000000076d380000,0x000000076d480000)
 ParOldGen       total 175104K, used 74670K [0x00000006c1c00000, 0x00000006cc700000, 0x000000076b400000)
  object space 175104K, 42% used [0x00000006c1c00000,0x00000006c64ebaa0,0x00000006cc700000)
 Metaspace       used 9494K, capacity 9873K, committed 10112K, reserved 1058816K
  class space    used 991K, capacity 1081K, committed 1152K, reserved 1048576K
Event: 77.517 GC heap after
Heap after GC invocations=150 (full 0):
 PSYoungGen      total 32256K, used 713K [0x000000076b400000, 0x000000076d480000, 0x00000007c0000000)
  eden space 31232K, 0% used [0x000000076b400000,0x000000076b400000,0x000000076d280000)
  from space 1024K, 69% used [0x000000076d380000,0x000000076d432620,0x000000076d480000)
  to   space 1024K, 0% used [0x000000076d280000,0x000000076d280000,0x000000076d380000)
 ParOldGen       total 175104K, used 75344K [0x00000006c1c00000, 0x00000006cc700000, 0x000000076b400000)
  object space 175104K, 43% used [0x00000006c1c00000,0x00000006c65940d0,0x00000006cc700000)
 Metaspace       used 9494K, capacity 9873K, committed 10112K, reserved 1058816K
  class space    used 991K, capacity 1081K, committed 1152K, reserved 1048576K
}
Event: 78.033 GC heap before
{Heap before GC invocations=151 (full 0):
 PSYoungGen      total 32256K, used 31945K [0x000000076b400000, 0x000000076d480000, 0x00000007c0000000)
  eden space 31232K, 100% used [0x000000076b400000,0x000000076d280000,0x000000076d280000)
  from space 1024K, 69% used [0x000000076d380000,0x000000076d432620,0x000000076d480000)
  to   space 1024K, 0% used [0x000000076d280000,0x000000076d280000,0x000000076d380000)
 ParOldGen       total 175104K, used 75344K [0x00000006c1c00000, 0x00000006cc700000, 0x000000076b400000)
  object space 175104K, 43% used [0x00000006c1c00000,0x00000006c65940d0,0x00000006cc700000)
 Metaspace       used 9503K, capacity 9873K, committed 10112K, reserved 1058816K
  class space    used 991K, capacity 1081K, committed 1152K, reserved 1048576K
Event: 78.034 GC heap after
Heap after GC invocations=151 (full 0):
 PSYoungGen      total 32256K, used 660K [0x000000076b400000, 0x000000076d480000, 0x00000007c0000000)
  eden space 31232K, 0% used [0x000000076b400000,0x000000076b400000,0x000000076d280000)
  from space 1024K, 64% used [0x000000076d280000,0x000000076d325310,0x000000076d380000)
  to   space 1024K, 0% used [0x000000076d380000,0x000000076d380000,0x000000076d480000)
 ParOldGen       total 175104K, used 75961K [0x00000006c1c00000, 0x00000006cc700000, 0x000000076b400000)
  object space 175104K, 43% used [0x00000006c1c00000,0x00000006c662e700,0x00000006cc700000)
 Metaspace       used 9503K, capacity 9873K, committed 10112K, reserved 1058816K
  class space    used 991K, capacity 1081K, committed 1152K, reserved 1048576K
}
Event: 78.496 GC heap before
{Heap before GC invocations=152 (full 0):
 PSYoungGen      total 32256K, used 31892K [0x000000076b400000, 0x000000076d480000, 0x00000007c0000000)
  eden space 31232K, 100% used [0x000000076b400000,0x000000076d280000,0x000000076d280000)
  from space 1024K, 64% used [0x000000076d280000,0x000000076d325310,0x000000076d380000)
  to   space 1024K, 0% used [0x000000076d380000,0x000000076d380000,0x000000076d480000)
 ParOldGen       total 175104K, used 75961K [0x00000006c1c00000, 0x00000006cc700000, 0x000000076b400000)
  object space 175104K, 43% used [0x00000006c1c00000,0x00000006c662e700,0x00000006cc700000)
 Metaspace       used 9503K, capacity 9873K, committed 10112K, reserved 1058816K
  class space    used 991K, capacity 1081K, committed 1152K, reserved 1048576K
Event: 78.506 GC heap after
Heap after GC invocations=152 (full 0):
 PSYoungGen      total 32256K, used 809K [0x000000076b400000, 0x000000076d480000, 0x00000007c0000000)
  eden space 31232K, 0% used [0x000000076b400000,0x000000076b400000,0x000000076d280000)
  from space 1024K, 79% used [0x000000076d380000,0x000000076d44a620,0x000000076d480000)
  to   space 1024K, 0% used [0x000000076d280000,0x000000076d280000,0x000000076d380000)
 ParOldGen       total 175104K, used 78590K [0x00000006c1c00000, 0x00000006cc700000, 0x000000076b400000)
  object space 175104K, 44% used [0x00000006c1c00000,0x00000006c68bfa30,0x00000006cc700000)
 Metaspace       used 9503K, capacity 9873K, committed 10112K, reserved 1058816K
  class space    used 991K, capacity 1081K, committed 1152K, reserved 1048576K
}
Event: 81.638 GC heap before
{Heap before GC invocations=153 (full 0):
 PSYoungGen      total 32256K, used 32041K [0x000000076b400000, 0x000000076d480000, 0x00000007c0000000)
  eden space 31232K, 100% used [0x000000076b400000,0x000000076d280000,0x000000076d280000)
  from space 1024K, 79% used [0x000000076d380000,0x000000076d44a620,0x000000076d480000)
  to   space 1024K, 0% used [0x000000076d280000,0x000000076d280000,0x000000076d380000)
 ParOldGen       total 175104K, used 78590K [0x00000006c1c00000, 0x00000006cc700000, 0x000000076b400000)
  object space 175104K, 44% used [0x00000006c1c00000,0x00000006c68bfa30,0x00000006cc700000)
 Metaspace       used 9507K, capacity 9873K, committed 10112K, reserved 1058816K
  class space    used 991K, capacity 1081K, committed 1152K, reserved 1048576K
Event: 81.642 GC heap after
Heap after GC invocations=153 (full 0):
 PSYoungGen      total 32256K, used 1001K [0x000000076b400000, 0x000000076d580000, 0x00000007c0000000)
  eden space 31232K, 0% used [0x000000076b400000,0x000000076b400000,0x000000076d280000)
  from space 1024K, 97% used [0x000000076d280000,0x000000076d37a620,0x000000076d380000)
  to   space 1536K, 0% used [0x000000076d400000,0x000000076d400000,0x000000076d580000)
 ParOldGen       total 175104K, used 79784K [0x00000006c1c00000, 0x00000006cc700000, 0x000000076b400000)
  object space 175104K, 45% used [0x00000006c1c00000,0x00000006c69ea060,0x00000006cc700000)
 Metaspace       used 9507K, capacity 9873K, committed 10112K, reserved 1058816K
  class space    used 991K, capacity 1081K, committed 1152K, reserved 1048576K
}

